[     678ms] [ERROR] In HTML, %s cannot be a descendant of <%s>.
This will cause a hydration error.%s <p> p 

  ...
    <EmotionCssPropInternal css={{width:"100%"}} __EMOTION_TYPE_PLEASE_DO_NOT_USE__={{...}}>
      <Insertion$2>
      <Box className="css-8atqhb">
        <div style={undefined} ref={null} className="rt-Box css...">
          <Flex_a8cb94d48236b5bf552a851c611d7b7e>
            <EmotionCssPropInternal align="start" className="rx-Stack" css={{width:"100%", ...}} direction="column" ...>
              <Insertion$2>
              <Flex align="start" className="rx-Stack c..." direction="column" gap="4">
                <div style={undefined} ref={null} className="rt-Flex rt...">
                  <EmotionCssPropInternal>
                  <EmotionCssPropInternal color="green" css={{...}} size="1" __EMOTION_TYPE_PLEASE_DO_NOT_USE__={{...}}>
                    <Insertion$2>
                    <Callout.Root color="green" size="1" className="css-acwcvw">
                      <div data-accent-color="green" style={undefined} className="rt-Callout..." ref={null}>
                        <Callout.Text>
                          <Text as="p" size="2" asChild={false} ref={null} className="rt-Callout...">
                            <Slot.Slot data-accent-color={undefined} style={undefined} ref={null} ...>
                              <Slot.SlotClone data-accent-color={undefined} style={undefined} className="rt-Text rt..." ...>
>                               <p
>                                 data-accent-color={undefined}
>                                 style={undefined}
>                                 className="rt-Text rt-r-size-2 rt-CalloutText"
>                                 ref={null}
>                               >
                                  <Text as="p" size="2">
                                    <Slot.Slot data-accent-color={undefined} style={undefined} ref={null} ...>
                                      <Slot.SlotClone data-accent-color={undefined} style={undefined} ...>
>                                       <p
>                                         data-accent-color={undefined}
>                                         style={undefined}
>                                         className="rt-Text rt-r-size-2"
>                                         ref={null}
>                                       >
                  ...
 @ http://localhost:3600/node_modules/.vite/deps/react-dom_client.js?v=874d4fd3:1757
[     679ms] [ERROR] <%s> cannot contain a nested %s.
See this log for the ancestor stack trace. p <p> @ http://localhost:3600/node_modules/.vite/deps/react-dom_client.js?v=874d4fd3:1759
[  378508ms] [ERROR] WebSocket connection to 'ws://localhost:8600/_event/?token=5215e2e7-77fc-40ad-857f-d36e897564fa&EIO=4&transport=websocket' failed: Error in connection establishment: net::ERR_CONNECTION_REFUSED @ http://localhost:3600/node_modules/.vite/deps/socket__io-client.js?v=874d4fd3:994
[  381072ms] [ERROR] WebSocket connection to 'ws://localhost:8600/_event/?token=5215e2e7-77fc-40ad-857f-d36e897564fa&EIO=4&transport=websocket' failed: Error in connection establishment: net::ERR_CONNECTION_REFUSED @ http://localhost:3600/node_modules/.vite/deps/socket__io-client.js?v=874d4fd3:994
[  383824ms] [ERROR] WebSocket connection to 'ws://localhost:8600/_event/?token=5215e2e7-77fc-40ad-857f-d36e897564fa&EIO=4&transport=websocket' failed: Error in connection establishment: net::ERR_CONNECTION_REFUSED @ http://localhost:3600/node_modules/.vite/deps/socket__io-client.js?v=874d4fd3:994
[  386777ms] [ERROR] WebSocket connection to 'ws://localhost:8600/_event/?token=5215e2e7-77fc-40ad-857f-d36e897564fa&EIO=4&transport=websocket' failed: Error in connection establishment: net::ERR_CONNECTION_REFUSED @ http://localhost:3600/node_modules/.vite/deps/socket__io-client.js?v=874d4fd3:994
[  389071ms] [ERROR] Failed to load resource: net::ERR_CONNECTION_RESET @ http://localhost:3600/app/routes/[scraping]._index.jsx?t=1771418325367:0
[  389071ms] [ERROR] [vite] Failed to reload /app/routes/[scraping]._index.jsx. This could be due to syntax errors or importing non-existent modules. (see errors above) @ http://localhost:3600/@vite/client:808
[  389072ms] [ERROR] Failed to load resource: net::ERR_CONNECTION_RESET @ http://localhost:3600/app/root.jsx?t=1771418325367:0
[  389072ms] [ERROR] [vite] Failed to reload /app/root.jsx. This could be due to syntax errors or importing non-existent modules. (see errors above) @ http://localhost:3600/@vite/client:808
[  389073ms] [ERROR] Failed to load resource: net::ERR_CONNECTION_RESET @ http://localhost:3600/utils/components.jsx?t=1771418325367:0
[  389073ms] [ERROR] [vite] Failed to reload /utils/components.jsx. This could be due to syntax errors or importing non-existent modules. (see errors above) @ http://localhost:3600/@vite/client:808
[  389927ms] [ERROR] WebSocket connection to 'ws://localhost:8600/_event/?token=5215e2e7-77fc-40ad-857f-d36e897564fa&EIO=4&transport=websocket' failed: Error in connection establishment: net::ERR_CONNECTION_REFUSED @ http://localhost:3600/node_modules/.vite/deps/socket__io-client.js?v=874d4fd3:994
[  396441ms] [ERROR] In HTML, %s cannot be a descendant of <%s>.
This will cause a hydration error.%s <p> p 

  ...
    <EmotionCssPropInternal css={{width:"100%"}} __EMOTION_TYPE_PLEASE_DO_NOT_USE__={{...}}>
      <Insertion$2>
      <Box className="css-8atqhb">
        <div style={undefined} ref={null} className="rt-Box css...">
          <Flex_9ab8e084d2f9407f2fc84246b0427793>
            <EmotionCssPropInternal align="start" className="rx-Stack" css={{width:"100%", ...}} direction="column" ...>
              <Insertion$2>
              <Flex align="start" className="rx-Stack c..." direction="column" gap="4">
                <div style={undefined} ref={null} className="rt-Flex rt...">
                  <EmotionCssPropInternal>
                  <EmotionCssPropInternal color="green" css={{...}} size="1" __EMOTION_TYPE_PLEASE_DO_NOT_USE__={{...}}>
                    <Insertion$2>
                    <Callout.Root color="green" size="1" className="css-acwcvw">
                      <div data-accent-color="green" style={undefined} className="rt-Callout..." ref={null}>
                        <Callout.Text>
                          <Text as="p" size="2" asChild={false} ref={null} className="rt-Callout...">
                            <Slot.Slot data-accent-color={undefined} style={undefined} ref={null} ...>
                              <Slot.SlotClone data-accent-color={undefined} style={undefined} className="rt-Text rt..." ...>
>                               <p
>                                 data-accent-color={undefined}
>                                 style={undefined}
>                                 className="rt-Text rt-r-size-2 rt-CalloutText"
>                                 ref={null}
>                               >
                                  <Text as="p" size="2">
                                    <Slot.Slot data-accent-color={undefined} style={undefined} ref={null} ...>
                                      <Slot.SlotClone data-accent-color={undefined} style={undefined} ...>
>                                       <p
>                                         data-accent-color={undefined}
>                                         style={undefined}
>                                         className="rt-Text rt-r-size-2"
>                                         ref={null}
>                                       >
                  ...
 @ http://localhost:3600/node_modules/.vite/deps/react-dom_client.js?v=874d4fd3:1757
[  396442ms] [ERROR] <%s> cannot contain a nested %s.
See this log for the ancestor stack trace. p <p> @ http://localhost:3600/node_modules/.vite/deps/react-dom_client.js?v=874d4fd3:1759
