[     695ms] [ERROR] In HTML, %s cannot be a descendant of <%s>.
This will cause a hydration error.%s <p> p 

  ...
    <Flex align="start" className="rx-Stack c..." direction="column" gap="4">
      <div style={undefined} ref={null} className="rt-Flex rt...">
        <EmotionCssPropInternal>
        <EmotionCssPropInternal>
        <EmotionCssPropInternal css={{width:"100%"}} size="2" __EMOTION_TYPE_PLEASE_DO_NOT_USE__={{...}}>
          <Insertion$2>
          <Card size="2" className="css-8atqhb">
            <div ref={null} style={undefined} className="rt-reset r...">
              <EmotionCssPropInternal align="start" className="rx-Stack" css={{width:"100%"}} direction="column" gap="2" ...>
                <Insertion$2>
                <Flex align="start" className="rx-Stack c..." direction="column" gap="2">
                  <div style={undefined} ref={null} className="rt-Flex rt...">
                    <Heading>
                    <Callout.Root color="blue" size="1">
                      <div data-accent-color="blue" style={undefined} className="rt-Callout..." ref={null}>
                        <Callout.Text>
                          <Text as="p" size="2" asChild={false} ref={null} className="rt-Callout...">
                            <Slot.Slot data-accent-color={undefined} style={undefined} ref={null} ...>
                              <Slot.SlotClone data-accent-color={undefined} style={undefined} className="rt-Text rt..." ...>
>                               <p
>                                 data-accent-color={undefined}
>                                 style={undefined}
>                                 className="rt-Text rt-r-size-2 rt-CalloutText"
>                                 ref={null}
>                               >
                                  <Text as="p" size="2">
                                    <Slot.Slot data-accent-color={undefined} style={undefined} ref={null} ...>
                                      <Slot.SlotClone data-accent-color={undefined} style={undefined} ...>
>                                       <p
>                                         data-accent-color={undefined}
>                                         style={undefined}
>                                         className="rt-Text rt-r-size-2"
>                                         ref={null}
>                                       >
                    ...
 @ http://localhost:3600/node_modules/.vite/deps/react-dom_client.js?v=874d4fd3:1757
[     695ms] [ERROR] <%s> cannot contain a nested %s.
See this log for the ancestor stack trace. p <p> @ http://localhost:3600/node_modules/.vite/deps/react-dom_client.js?v=874d4fd3:1759
