[     625ms] [ERROR] In HTML, %s cannot be a descendant of <%s>.
This will cause a hydration error.%s <p> p 

  ...
    <Box_711706ec341e3521756854c20493556e>
      <EmotionCssPropInternal css={{width:"100%"}} __EMOTION_TYPE_PLEASE_DO_NOT_USE__={{...}}>
        <Insertion$2>
        <Box className="css-8atqhb">
          <div style={undefined} ref={null} className="rt-Box css...">
            <EmotionCssPropInternal align="start" className="rx-Stack" css={{width:"100%", ...}} direction="column" ...>
              <Insertion$2>
              <Flex align="start" className="rx-Stack c..." direction="column" gap="4">
                <div style={undefined} ref={null} className="rt-Flex rt...">
                  <EmotionCssPropInternal>
                  <EmotionCssPropInternal color="green" css={{icon:"zap", ...}} size="1" ...>
                    <Insertion$2>
                    <Callout.Root color="green" size="1" className="css-1dixmk6">
                      <div data-accent-color="green" style={undefined} className="rt-Callout..." ref={null}>
                        <Callout.Icon>
                        <Callout.Text>
                          <Text as="p" size="2" asChild={false} ref={null} className="rt-Callout...">
                            <Slot.Slot data-accent-color={undefined} style={undefined} ref={null} ...>
                              <Slot.SlotClone data-accent-color={undefined} style={undefined} className="rt-Text rt..." ...>
>                               <p
>                                 data-accent-color={undefined}
>                                 style={undefined}
>                                 className="rt-Text rt-r-size-2 rt-CalloutText"
>                                 ref={null}
>                               >
                                  <Text as="p" size="2">
                                    <Slot.Slot data-accent-color={undefined} style={undefined} ref={null} ...>
                                      <Slot.SlotClone data-accent-color={undefined} style={undefined} ...>
>                                       <p
>                                         data-accent-color={undefined}
>                                         style={undefined}
>                                         className="rt-Text rt-r-size-2"
>                                         ref={null}
>                                       >
                  ...
 @ http://localhost:3600/node_modules/.vite/deps/react-dom_client.js?v=874d4fd3:1757
[     625ms] [ERROR] <%s> cannot contain a nested %s.
See this log for the ancestor stack trace. p <p> @ http://localhost:3600/node_modules/.vite/deps/react-dom_client.js?v=874d4fd3:1759
[   16055ms] [ERROR] In HTML, %s cannot be a descendant of <%s>.
This will cause a hydration error.%s <p> p 

  ...
    <Box_711706ec341e3521756854c20493556e>
      <EmotionCssPropInternal css={{width:"100%"}} __EMOTION_TYPE_PLEASE_DO_NOT_USE__={{...}}>
        <Insertion$2>
        <Box className="css-8atqhb">
          <div style={undefined} ref={null} className="rt-Box css...">
            <EmotionCssPropInternal align="start" className="rx-Stack" css={{width:"100%", ...}} direction="column" ...>
              <Insertion$2>
              <Flex align="start" className="rx-Stack c..." direction="column" gap="4">
                <div style={undefined} ref={null} className="rt-Flex rt...">
                  <EmotionCssPropInternal>
                  <EmotionCssPropInternal color="green" css={{icon:"zap", ...}} size="1" ...>
                    <Insertion$2>
                    <Callout.Root color="green" size="1" className="css-1dixmk6">
                      <div data-accent-color="green" style={undefined} className="rt-Callout..." ref={null}>
                        <Callout.Icon>
                        <Callout.Text>
                          <Text as="p" size="2" asChild={false} ref={null} className="rt-Callout...">
                            <Slot.Slot data-accent-color={undefined} style={undefined} ref={null} ...>
                              <Slot.SlotClone data-accent-color={undefined} style={undefined} className="rt-Text rt..." ...>
>                               <p
>                                 data-accent-color={undefined}
>                                 style={undefined}
>                                 className="rt-Text rt-r-size-2 rt-CalloutText"
>                                 ref={null}
>                               >
                                  <Text as="p" size="2">
                                    <Slot.Slot data-accent-color={undefined} style={undefined} ref={null} ...>
                                      <Slot.SlotClone data-accent-color={undefined} style={undefined} ...>
>                                       <p
>                                         data-accent-color={undefined}
>                                         style={undefined}
>                                         className="rt-Text rt-r-size-2"
>                                         ref={null}
>                                       >
                  ...
 @ http://localhost:3600/node_modules/.vite/deps/react-dom_client.js?v=874d4fd3:1757
[   16055ms] [ERROR] <%s> cannot contain a nested %s.
See this log for the ancestor stack trace. p <p> @ http://localhost:3600/node_modules/.vite/deps/react-dom_client.js?v=874d4fd3:1759
[  536944ms] [ERROR] In HTML, %s cannot be a descendant of <%s>.
This will cause a hydration error.%s <p> p 

  ...
    <Box_711706ec341e3521756854c20493556e>
      <EmotionCssPropInternal css={{width:"100%"}} __EMOTION_TYPE_PLEASE_DO_NOT_USE__={{...}}>
        <Insertion$2>
        <Box className="css-8atqhb">
          <div style={undefined} ref={null} className="rt-Box css...">
            <EmotionCssPropInternal align="start" className="rx-Stack" css={{width:"100%", ...}} direction="column" ...>
              <Insertion$2>
              <Flex align="start" className="rx-Stack c..." direction="column" gap="4">
                <div style={undefined} ref={null} className="rt-Flex rt...">
                  <EmotionCssPropInternal>
                  <EmotionCssPropInternal color="green" css={{icon:"zap", ...}} size="1" ...>
                    <Insertion$2>
                    <Callout.Root color="green" size="1" className="css-1dixmk6">
                      <div data-accent-color="green" style={undefined} className="rt-Callout..." ref={null}>
                        <Callout.Icon>
                        <Callout.Text>
                          <Text as="p" size="2" asChild={false} ref={null} className="rt-Callout...">
                            <Slot.Slot data-accent-color={undefined} style={undefined} ref={null} ...>
                              <Slot.SlotClone data-accent-color={undefined} style={undefined} className="rt-Text rt..." ...>
>                               <p
>                                 data-accent-color={undefined}
>                                 style={undefined}
>                                 className="rt-Text rt-r-size-2 rt-CalloutText"
>                                 ref={null}
>                               >
                                  <Text as="p" size="2">
                                    <Slot.Slot data-accent-color={undefined} style={undefined} ref={null} ...>
                                      <Slot.SlotClone data-accent-color={undefined} style={undefined} ...>
>                                       <p
>                                         data-accent-color={undefined}
>                                         style={undefined}
>                                         className="rt-Text rt-r-size-2"
>                                         ref={null}
>                                       >
                  ...
 @ http://localhost:3600/node_modules/.vite/deps/react-dom_client.js?v=874d4fd3:1757
[  536944ms] [ERROR] <%s> cannot contain a nested %s.
See this log for the ancestor stack trace. p <p> @ http://localhost:3600/node_modules/.vite/deps/react-dom_client.js?v=874d4fd3:1759
[  539926ms] [ERROR] In HTML, %s cannot be a descendant of <%s>.
This will cause a hydration error.%s <p> p 

  ...
    <Box_711706ec341e3521756854c20493556e>
      <EmotionCssPropInternal css={{width:"100%"}} __EMOTION_TYPE_PLEASE_DO_NOT_USE__={{...}}>
        <Insertion$2>
        <Box className="css-8atqhb">
          <div style={undefined} ref={null} className="rt-Box css...">
            <EmotionCssPropInternal align="start" className="rx-Stack" css={{width:"100%", ...}} direction="column" ...>
              <Insertion$2>
              <Flex align="start" className="rx-Stack c..." direction="column" gap="4">
                <div style={undefined} ref={null} className="rt-Flex rt...">
                  <EmotionCssPropInternal>
                  <EmotionCssPropInternal color="green" css={{icon:"zap", ...}} size="1" ...>
                    <Insertion$2>
                    <Callout.Root color="green" size="1" className="css-1dixmk6">
                      <div data-accent-color="green" style={undefined} className="rt-Callout..." ref={null}>
                        <Callout.Icon>
                        <Callout.Text>
                          <Text as="p" size="2" asChild={false} ref={null} className="rt-Callout...">
                            <Slot.Slot data-accent-color={undefined} style={undefined} ref={null} ...>
                              <Slot.SlotClone data-accent-color={undefined} style={undefined} className="rt-Text rt..." ...>
>                               <p
>                                 data-accent-color={undefined}
>                                 style={undefined}
>                                 className="rt-Text rt-r-size-2 rt-CalloutText"
>                                 ref={null}
>                               >
                                  <Text as="p" size="2">
                                    <Slot.Slot data-accent-color={undefined} style={undefined} ref={null} ...>
                                      <Slot.SlotClone data-accent-color={undefined} style={undefined} ...>
>                                       <p
>                                         data-accent-color={undefined}
>                                         style={undefined}
>                                         className="rt-Text rt-r-size-2"
>                                         ref={null}
>                                       >
                  ...
 @ http://localhost:3600/node_modules/.vite/deps/react-dom_client.js?v=874d4fd3:1757
[  539926ms] [ERROR] <%s> cannot contain a nested %s.
See this log for the ancestor stack trace. p <p> @ http://localhost:3600/node_modules/.vite/deps/react-dom_client.js?v=874d4fd3:1759
[  735121ms] [WARNING] WebSocket connection to 'ws://localhost:8600/_event/?token=5215e2e7-77fc-40ad-857f-d36e897564fa&EIO=4&transport=websocket' failed: WebSocket is closed before the connection is established. @ http://localhost:3600/node_modules/.vite/deps/socket__io-client.js?v=874d4fd3:965
[  755332ms] [WARNING] WebSocket connection to 'ws://localhost:8600/_event/?token=5215e2e7-77fc-40ad-857f-d36e897564fa&EIO=4&transport=websocket' failed: WebSocket is closed before the connection is established. @ http://localhost:3600/node_modules/.vite/deps/socket__io-client.js?v=874d4fd3:965
[  775740ms] [WARNING] WebSocket connection to 'ws://localhost:8600/_event/?token=5215e2e7-77fc-40ad-857f-d36e897564fa&EIO=4&transport=websocket' failed: WebSocket is closed before the connection is established. @ http://localhost:3600/node_modules/.vite/deps/socket__io-client.js?v=874d4fd3:965
[  796351ms] [WARNING] WebSocket connection to 'ws://localhost:8600/_event/?token=5215e2e7-77fc-40ad-857f-d36e897564fa&EIO=4&transport=websocket' failed: WebSocket is closed before the connection is established. @ http://localhost:3600/node_modules/.vite/deps/socket__io-client.js?v=874d4fd3:965
[  817164ms] [WARNING] WebSocket connection to 'ws://localhost:8600/_event/?token=5215e2e7-77fc-40ad-857f-d36e897564fa&EIO=4&transport=websocket' failed: WebSocket is closed before the connection is established. @ http://localhost:3600/node_modules/.vite/deps/socket__io-client.js?v=874d4fd3:965
[  838180ms] [WARNING] WebSocket connection to 'ws://localhost:8600/_event/?token=5215e2e7-77fc-40ad-857f-d36e897564fa&EIO=4&transport=websocket' failed: WebSocket is closed before the connection is established. @ http://localhost:3600/node_modules/.vite/deps/socket__io-client.js?v=874d4fd3:965
[  859388ms] [WARNING] WebSocket connection to 'ws://localhost:8600/_event/?token=5215e2e7-77fc-40ad-857f-d36e897564fa&EIO=4&transport=websocket' failed: WebSocket is closed before the connection is established. @ http://localhost:3600/node_modules/.vite/deps/socket__io-client.js?v=874d4fd3:965
[  915353ms] [ERROR] WebSocket connection to 'ws://localhost:8600/_event/?token=5215e2e7-77fc-40ad-857f-d36e897564fa&EIO=4&transport=websocket' failed: Error in connection establishment: net::ERR_CONNECTION_REFUSED @ http://localhost:3600/node_modules/.vite/deps/socket__io-client.js?v=874d4fd3:994
[  917877ms] [ERROR] WebSocket connection to 'ws://localhost:8600/_event/?token=5215e2e7-77fc-40ad-857f-d36e897564fa&EIO=4&transport=websocket' failed: Error in connection establishment: net::ERR_CONNECTION_REFUSED @ http://localhost:3600/node_modules/.vite/deps/socket__io-client.js?v=874d4fd3:994
[  920606ms] [ERROR] WebSocket connection to 'ws://localhost:8600/_event/?token=5215e2e7-77fc-40ad-857f-d36e897564fa&EIO=4&transport=websocket' failed: Error in connection establishment: net::ERR_CONNECTION_REFUSED @ http://localhost:3600/node_modules/.vite/deps/socket__io-client.js?v=874d4fd3:994
[  923532ms] [ERROR] WebSocket connection to 'ws://localhost:8600/_event/?token=5215e2e7-77fc-40ad-857f-d36e897564fa&EIO=4&transport=websocket' failed: Error in connection establishment: net::ERR_CONNECTION_REFUSED @ http://localhost:3600/node_modules/.vite/deps/socket__io-client.js?v=874d4fd3:994
[  925659ms] [ERROR] Failed to load resource: net::ERR_CONNECTION_RESET @ http://localhost:3600/app/root.jsx?t=1771417880866:0
[  925659ms] [ERROR] [vite] Failed to reload /app/root.jsx. This could be due to syntax errors or importing non-existent modules. (see errors above) @ http://localhost:3600/@vite/client:808
[  925660ms] [ERROR] Failed to load resource: net::ERR_CONNECTION_RESET @ http://localhost:3600/utils/components.jsx?t=1771417880866:0
[  925660ms] [ERROR] Failed to load resource: net::ERR_CONNECTION_RESET @ http://localhost:3600/app/routes/[scraping]._index.jsx?t=1771417880866:0
[  925660ms] [ERROR] [vite] Failed to reload /utils/components.jsx. This could be due to syntax errors or importing non-existent modules. (see errors above) @ http://localhost:3600/@vite/client:808
[  925661ms] [ERROR] [vite] Failed to reload /app/routes/[scraping]._index.jsx. This could be due to syntax errors or importing non-existent modules. (see errors above) @ http://localhost:3600/@vite/client:808
[  932050ms] [ERROR] In HTML, %s cannot be a descendant of <%s>.
This will cause a hydration error.%s <p> p 

  ...
    <EmotionCssPropInternal css={{width:"100%"}} __EMOTION_TYPE_PLEASE_DO_NOT_USE__={{...}}>
      <Insertion$2>
      <Box className="css-8atqhb">
        <div style={undefined} ref={null} className="rt-Box css...">
          <Flex_a8cb94d48236b5bf552a851c611d7b7e>
            <EmotionCssPropInternal align="start" className="rx-Stack" css={{width:"100%", ...}} direction="column" ...>
              <Insertion$2>
              <Flex align="start" className="rx-Stack c..." direction="column" gap="4">
                <div style={undefined} ref={null} className="rt-Flex rt...">
                  <EmotionCssPropInternal>
                  <EmotionCssPropInternal color="green" css={{...}} size="1" __EMOTION_TYPE_PLEASE_DO_NOT_USE__={{...}}>
                    <Insertion$2>
                    <Callout.Root color="green" size="1" className="css-acwcvw">
                      <div data-accent-color="green" style={undefined} className="rt-Callout..." ref={null}>
                        <Callout.Text>
                          <Text as="p" size="2" asChild={false} ref={null} className="rt-Callout...">
                            <Slot.Slot data-accent-color={undefined} style={undefined} ref={null} ...>
                              <Slot.SlotClone data-accent-color={undefined} style={undefined} className="rt-Text rt..." ...>
>                               <p
>                                 data-accent-color={undefined}
>                                 style={undefined}
>                                 className="rt-Text rt-r-size-2 rt-CalloutText"
>                                 ref={null}
>                               >
                                  <Text as="p" size="2">
                                    <Slot.Slot data-accent-color={undefined} style={undefined} ref={null} ...>
                                      <Slot.SlotClone data-accent-color={undefined} style={undefined} ...>
>                                       <p
>                                         data-accent-color={undefined}
>                                         style={undefined}
>                                         className="rt-Text rt-r-size-2"
>                                         ref={null}
>                                       >
                  ...
 @ http://localhost:3600/node_modules/.vite/deps/react-dom_client.js?v=874d4fd3:1757
[  932050ms] [ERROR] <%s> cannot contain a nested %s.
See this log for the ancestor stack trace. p <p> @ http://localhost:3600/node_modules/.vite/deps/react-dom_client.js?v=874d4fd3:1759
