2025-09-14 10:37:38,125 - INFO - [MainThread:setup_logging] --- Cloud84 Black Forest Project - Tender Search Utility v2.1.4 Starting ---
2025-09-14 10:37:38,128 - INFO - [MainThread:setup_logging] Platform: Windows 11 (AMD64)
2025-09-14 10:37:38,128 - INFO - [MainThread:setup_logging] Python: 3.13.5 (tags/v3.13.5:6cb20a2, Jun 11 2025, 16:15:46) [MSC v.1943 64 bit (AMD64)]
2025-09-14 10:37:38,128 - INFO - [MainThread:setup_logging] Script Directory: G:\My Drive\0dev\BF 2.1.4
2025-09-14 10:37:38,128 - INFO - [MainThread:setup_logging] Working Directory: G:\My Drive\0dev\BF 2.1.4
2025-09-14 10:37:38,129 - INFO - [MainThread:check_package_versions] ✓ selenium 4.34.2 is available
2025-09-14 10:37:41,080 - INFO - [MainThread:check_package_versions] ✓ pandas 2.3.1 is available
2025-09-14 10:37:41,434 - INFO - [MainThread:check_package_versions] ✓ openpyxl 3.1.5 is available
2025-09-14 10:37:41,746 - INFO - [MainThread:check_package_versions] ✓ requests 2.32.4 is available
2025-09-14 10:37:41,764 - INFO - [MainThread:check_package_versions] ✓ pytesseract 0.3.13 is available
2025-09-14 10:37:42,106 - INFO - [MainThread:check_package_versions] ✓ undetected_chromedriver 3.5.5 (optional) is available
2025-09-14 10:37:42,108 - INFO - [MainThread:check_package_versions] ✓ webdriver_manager 4.0.2 (optional) is available
2025-09-14 10:37:42,109 - INFO - [MainThread:import_application_components] Importing application components...
2025-09-14 10:37:43,609 - INFO - [MainThread:import_application_components] Application components imported successfully
2025-09-14 10:37:43,609 - INFO - [MainThread:<module>] 🚀 Starting application initialization...
2025-09-14 10:37:43,609 - INFO - [MainThread:load_and_validate_configurations] Loading base URL configurations from G:\My Drive\0dev\BF 2.1.4\base_urls.csv...
2025-09-14 10:37:43,622 - INFO - [MainThread:load_base_urls] Loaded 12 base URL configurations from base_urls.csv.
2025-09-14 10:37:43,622 - INFO - [MainThread:load_and_validate_configurations] ✓ Loaded 12 URL configurations
2025-09-14 10:37:43,622 - INFO - [MainThread:load_and_validate_configurations] Loading application settings...
2025-09-14 10:37:43,628 - INFO - [MainThread:load_settings] Settings loaded and merged with defaults from G:\My Drive\0dev\BF 2.1.4\settings.json
2025-09-14 10:37:43,628 - INFO - [MainThread:load_and_validate_configurations] ✓ Settings loaded and validated
2025-09-14 10:37:43,628 - INFO - [MainThread:<module>] Creating main application window...
2025-09-14 10:37:43,991 - INFO - [MainThread:<module>] Creating MainWindow instance...
2025-09-14 10:37:44,023 - INFO - [MainThread:load_persistent_folders] Loaded 1 persistent folders
2025-09-14 10:37:47,850 - INFO - [MainThread:<module>] ✓ Application initialization completed successfully
2025-09-14 10:37:47,851 - INFO - [MainThread:<module>] 🎯 Starting main event loop...
2025-09-14 10:38:08,491 - INFO - [MainThread:_start_fetch_departments_thread] Fetch Departments button clicked.
2025-09-14 10:38:10,474 - INFO - [DeptFetchThread:patch_exe] patching driver executable C:\Users\kalia\appdata\roaming\undetected_chromedriver\undetected_chromedriver.exe
2025-09-14 10:38:22,382 - CRITICAL - [DeptFetchThread:fetch_department_list_from_site] Unexpected error fetch_dept_list
Traceback (most recent call last):
  File "G:\My Drive\0dev\BF 2.1.4\scraper\logic.py", line 102, in fetch_department_list_from_site
    raise Exception("Failed to navigate to organization list page")
Exception: Failed to navigate to organization list page
2025-09-14 10:38:22,403 - INFO - [DeptFetchThread:safe_quit_driver] Closing WebDriver instance...
2025-09-14 10:38:22,580 - INFO - [DeptFetchThread:safe_quit_driver] WebDriver quit successfully.
2025-09-14 10:39:40,879 - INFO - [MainThread:_start_fetch_departments_thread] Fetch Departments button clicked.
2025-09-14 10:39:47,023 - INFO - [DeptFetchThread:patch_exe] patching driver executable C:\Users\kalia\appdata\roaming\undetected_chromedriver\undetected_chromedriver.exe
2025-09-14 10:39:56,762 - INFO - [DeptFetchThread:safe_quit_driver] Closing WebDriver instance...
2025-09-14 10:39:56,937 - INFO - [DeptFetchThread:safe_quit_driver] WebDriver quit successfully.
2025-09-14 10:54:38,183 - INFO - [MainThread:setup_logging] --- Cloud84 Black Forest Project - Tender Search Utility v2.1.4 Starting ---
2025-09-14 10:54:38,187 - INFO - [MainThread:setup_logging] Platform: Windows 11 (AMD64)
2025-09-14 10:54:38,187 - INFO - [MainThread:setup_logging] Python: 3.13.5 (tags/v3.13.5:6cb20a2, Jun 11 2025, 16:15:46) [MSC v.1943 64 bit (AMD64)]
2025-09-14 10:54:38,187 - INFO - [MainThread:setup_logging] Script Directory: G:\My Drive\0dev\BF 2.1.4
2025-09-14 10:54:38,188 - INFO - [MainThread:setup_logging] Working Directory: G:\My Drive\0dev\BF 2.1.4
2025-09-14 10:54:38,188 - INFO - [MainThread:check_package_versions] ✓ selenium 4.34.2 is available
2025-09-14 10:54:42,762 - INFO - [MainThread:check_package_versions] ✓ pandas 2.3.1 is available
2025-09-14 10:54:43,214 - INFO - [MainThread:check_package_versions] ✓ openpyxl 3.1.5 is available
2025-09-14 10:54:43,574 - INFO - [MainThread:check_package_versions] ✓ requests 2.32.4 is available
2025-09-14 10:54:43,596 - INFO - [MainThread:check_package_versions] ✓ pytesseract 0.3.13 is available
2025-09-14 10:54:44,059 - INFO - [MainThread:check_package_versions] ✓ undetected_chromedriver 3.5.5 (optional) is available
2025-09-14 10:54:44,064 - INFO - [MainThread:check_package_versions] ✓ webdriver_manager 4.0.2 (optional) is available
2025-09-14 10:54:44,069 - INFO - [MainThread:import_application_components] Importing application components...
2025-09-14 10:54:44,915 - INFO - [MainThread:import_application_components] Application components imported successfully
2025-09-14 10:54:44,917 - INFO - [MainThread:<module>] 🚀 Starting application initialization...
2025-09-14 10:54:44,918 - INFO - [MainThread:load_and_validate_configurations] Loading base URL configurations from G:\My Drive\0dev\BF 2.1.4\base_urls.csv...
2025-09-14 10:54:44,933 - INFO - [MainThread:load_base_urls] Loaded 12 base URL configurations from base_urls.csv.
2025-09-14 10:54:44,934 - INFO - [MainThread:load_and_validate_configurations] ✓ Loaded 12 URL configurations
2025-09-14 10:54:44,935 - INFO - [MainThread:load_and_validate_configurations] Loading application settings...
2025-09-14 10:54:44,948 - INFO - [MainThread:load_settings] Settings loaded and merged with defaults from G:\My Drive\0dev\BF 2.1.4\settings.json
2025-09-14 10:54:44,948 - INFO - [MainThread:load_and_validate_configurations] ✓ Settings loaded and validated
2025-09-14 10:54:44,949 - INFO - [MainThread:<module>] Creating main application window...
2025-09-14 10:54:45,709 - INFO - [MainThread:<module>] Creating MainWindow instance...
2025-09-14 10:54:45,757 - INFO - [MainThread:load_persistent_folders] Loaded 1 persistent folders
2025-09-14 10:54:51,134 - INFO - [MainThread:<module>] ✓ Application initialization completed successfully
2025-09-14 10:54:51,135 - INFO - [MainThread:<module>] 🎯 Starting main event loop...
2025-09-14 10:55:02,823 - INFO - [MainThread:_start_fetch_departments_thread] Fetch Departments button clicked.
2025-09-14 10:55:04,805 - INFO - [DeptFetchThread:patch_exe] patching driver executable C:\Users\kalia\appdata\roaming\undetected_chromedriver\undetected_chromedriver.exe
2025-09-14 10:55:32,223 - INFO - [DeptFetchThread:safe_quit_driver] Closing WebDriver instance...
2025-09-14 10:55:32,413 - INFO - [DeptFetchThread:safe_quit_driver] WebDriver quit successfully.
2025-09-14 10:56:26,523 - INFO - [MainThread:on_closing] Close requested.
2025-09-14 10:56:26,524 - INFO - [MainThread:_save_current_settings_and_show_message] Saving current settings...
2025-09-14 10:56:26,527 - ERROR - [MainThread:on_closing] Failed to save settings on exit: invalid literal for int() with base 10: '10.0'
2025-09-14 10:56:26,607 - INFO - [MainThread:on_closing] Tkinter root window destroyed.
2025-09-14 10:56:26,608 - INFO - [MainThread:on_closing] --- Application Shutdown Sequence Complete ---
2025-09-14 10:56:26,608 - INFO - [MainThread:<module>] Main event loop ended normally
2025-09-14 10:56:26,609 - INFO - [MainThread:<module>] 🛑 Application shutdown initiated...
2025-09-14 10:56:26,610 - INFO - [MainThread:_save_current_settings] Saving current settings...
2025-09-14 10:56:26,611 - WARNING - [MainThread:_save_current_settings] Could not get window geometry, possibly already closed.
2025-09-14 10:56:26,648 - INFO - [MainThread:save_settings] Settings saved successfully to G:\My Drive\0dev\BF 2.1.4\settings.json
2025-09-14 10:59:26,967 - INFO - [MainThread:on_closing] Close requested.
2025-09-14 10:59:26,968 - INFO - [MainThread:_save_current_settings_and_show_message] Saving current settings...
2025-09-14 10:59:26,974 - ERROR - [MainThread:on_closing] Failed to save settings on exit: invalid literal for int() with base 10: '10.0'
2025-09-14 10:59:27,060 - INFO - [MainThread:on_closing] Tkinter root window destroyed.
2025-09-14 10:59:27,061 - INFO - [MainThread:on_closing] --- Application Shutdown Sequence Complete ---
2025-09-14 10:59:27,062 - INFO - [MainThread:<module>] Main event loop ended normally
2025-09-14 10:59:27,062 - INFO - [MainThread:<module>] 🛑 Application shutdown initiated...
2025-09-14 10:59:27,063 - INFO - [MainThread:_save_current_settings] Saving current settings...
2025-09-14 10:59:27,063 - WARNING - [MainThread:_save_current_settings] Could not get window geometry, possibly already closed.
2025-09-14 10:59:27,092 - INFO - [MainThread:save_settings] Settings saved successfully to G:\My Drive\0dev\BF 2.1.4\settings.json
2025-09-14 10:59:41,142 - INFO - [MainThread:setup_logging] --- Cloud84 Black Forest Project - Tender Search Utility v2.1.4 Starting ---
2025-09-14 10:59:41,150 - INFO - [MainThread:setup_logging] Platform: Windows 11 (AMD64)
2025-09-14 10:59:41,151 - INFO - [MainThread:setup_logging] Python: 3.13.5 (tags/v3.13.5:6cb20a2, Jun 11 2025, 16:15:46) [MSC v.1943 64 bit (AMD64)]
2025-09-14 10:59:41,152 - INFO - [MainThread:setup_logging] Script Directory: G:\My Drive\0dev\BF 2.1.4
2025-09-14 10:59:41,152 - INFO - [MainThread:setup_logging] Working Directory: G:\My Drive\0dev\BF 2.1.4
2025-09-14 10:59:41,153 - INFO - [MainThread:check_package_versions] ✓ selenium 4.34.2 is available
2025-09-14 10:59:41,704 - INFO - [MainThread:check_package_versions] ✓ pandas 2.3.1 is available
2025-09-14 10:59:41,904 - INFO - [MainThread:check_package_versions] ✓ openpyxl 3.1.5 is available
2025-09-14 10:59:42,143 - INFO - [MainThread:check_package_versions] ✓ requests 2.32.4 is available
2025-09-14 10:59:42,166 - INFO - [MainThread:check_package_versions] ✓ pytesseract 0.3.13 is available
2025-09-14 10:59:42,383 - INFO - [MainThread:check_package_versions] ✓ undetected_chromedriver 3.5.5 (optional) is available
2025-09-14 10:59:42,388 - INFO - [MainThread:check_package_versions] ✓ webdriver_manager 4.0.2 (optional) is available
2025-09-14 10:59:42,393 - INFO - [MainThread:import_application_components] Importing application components...
2025-09-14 10:59:42,967 - INFO - [MainThread:import_application_components] Application components imported successfully
2025-09-14 10:59:42,968 - INFO - [MainThread:<module>] 🚀 Starting application initialization...
2025-09-14 10:59:42,969 - INFO - [MainThread:load_and_validate_configurations] Loading base URL configurations from G:\My Drive\0dev\BF 2.1.4\base_urls.csv...
2025-09-14 10:59:42,986 - INFO - [MainThread:load_base_urls] Loaded 12 base URL configurations from base_urls.csv.
2025-09-14 10:59:42,987 - INFO - [MainThread:load_and_validate_configurations] ✓ Loaded 12 URL configurations
2025-09-14 10:59:42,988 - INFO - [MainThread:load_and_validate_configurations] Loading application settings...
2025-09-14 10:59:43,001 - INFO - [MainThread:load_settings] Settings loaded and merged with defaults from G:\My Drive\0dev\BF 2.1.4\settings.json
2025-09-14 10:59:43,002 - INFO - [MainThread:load_and_validate_configurations] ✓ Settings loaded and validated
2025-09-14 10:59:43,002 - INFO - [MainThread:<module>] Creating main application window...
2025-09-14 10:59:43,051 - INFO - [MainThread:<module>] Creating MainWindow instance...
2025-09-14 10:59:43,085 - INFO - [MainThread:load_persistent_folders] Loaded 1 persistent folders
2025-09-14 10:59:44,059 - INFO - [MainThread:<module>] ✓ Application initialization completed successfully
2025-09-14 10:59:44,059 - INFO - [MainThread:<module>] 🎯 Starting main event loop...
2025-09-14 10:59:47,335 - INFO - [MainThread:_start_fetch_departments_thread] Fetch Departments button clicked.
2025-09-14 10:59:49,039 - INFO - [DeptFetchThread:patch_exe] patching driver executable C:\Users\kalia\appdata\roaming\undetected_chromedriver\undetected_chromedriver.exe
2025-09-14 11:00:10,927 - INFO - [DeptFetchThread:safe_quit_driver] Closing WebDriver instance...
2025-09-14 11:00:11,120 - INFO - [DeptFetchThread:safe_quit_driver] WebDriver quit successfully.
2025-09-14 11:00:16,171 - INFO - [MainThread:_start_scraping] Starting scraping for ALL 48 departments.
2025-09-14 11:00:18,485 - INFO - [Department Scrape:patch_exe] patching driver executable C:\Users\kalia\appdata\roaming\undetected_chromedriver\undetected_chromedriver.exe
2025-09-14 11:00:45,057 - INFO - [Department Scrape:click_element] Standard click successful for 'Dept Link 'Bus Stands Managemen' (SNo:1)'.
2025-09-14 11:00:51,892 - INFO - [Department Scrape:click_element] Standard click successful for 'Dept List Back Button'.
2025-09-14 11:03:29,915 - INFO - [Department Scrape:click_element] Standard click successful for 'Dept Link 'DC Office Kullu' (SNo:3)'.
2025-09-14 11:03:35,334 - INFO - [Department Scrape:click_element] Standard click successful for 'Dept List Back Button'.
2025-09-14 11:03:39,158 - INFO - [Department Scrape:click_element] Standard click successful for 'Dept Link 'Department of Health' (SNo:4)'.
2025-09-14 11:03:44,877 - INFO - [Department Scrape:click_element] Standard click successful for 'Dept List Back Button'.
2025-09-14 11:03:51,756 - INFO - [Department Scrape:click_element] Standard click successful for 'Dept Link 'Department of Inform' (SNo:5)'.
2025-09-14 11:03:57,366 - INFO - [Department Scrape:click_element] Standard click successful for 'Dept List Back Button'.
2025-09-14 11:09:14,195 - INFO - [MainThread:setup_logging] --- Cloud84 Black Forest Project - Tender Search Utility v2.1.4 Starting ---
2025-09-14 11:09:14,202 - INFO - [MainThread:setup_logging] Platform: Windows 11 (AMD64)
2025-09-14 11:09:14,203 - INFO - [MainThread:setup_logging] Python: 3.13.5 (tags/v3.13.5:6cb20a2, Jun 11 2025, 16:15:46) [MSC v.1943 64 bit (AMD64)]
2025-09-14 11:09:14,204 - INFO - [MainThread:setup_logging] Script Directory: G:\My Drive\0dev\BF 2.1.4
2025-09-14 11:09:14,204 - INFO - [MainThread:setup_logging] Working Directory: G:\My Drive\0dev\BF 2.1.4
2025-09-14 11:09:14,205 - INFO - [MainThread:check_package_versions] ✓ selenium 4.34.2 is available
2025-09-14 11:09:14,804 - INFO - [MainThread:check_package_versions] ✓ pandas 2.3.1 is available
2025-09-14 11:09:15,012 - INFO - [MainThread:check_package_versions] ✓ openpyxl 3.1.5 is available
2025-09-14 11:09:15,268 - INFO - [MainThread:check_package_versions] ✓ requests 2.32.4 is available
2025-09-14 11:09:15,284 - INFO - [MainThread:check_package_versions] ✓ pytesseract 0.3.13 is available
2025-09-14 11:09:15,501 - INFO - [MainThread:check_package_versions] ✓ undetected_chromedriver 3.5.5 (optional) is available
2025-09-14 11:09:15,504 - INFO - [MainThread:check_package_versions] ✓ webdriver_manager 4.0.2 (optional) is available
2025-09-14 11:09:15,508 - INFO - [MainThread:import_application_components] Importing application components...
2025-09-14 11:09:15,982 - INFO - [MainThread:import_application_components] Application components imported successfully
2025-09-14 11:09:15,983 - INFO - [MainThread:<module>] 🚀 Starting application initialization...
2025-09-14 11:09:15,983 - INFO - [MainThread:load_and_validate_configurations] Loading base URL configurations from G:\My Drive\0dev\BF 2.1.4\base_urls.csv...
2025-09-14 11:09:15,989 - INFO - [MainThread:load_base_urls] Loaded 12 base URL configurations from base_urls.csv.
2025-09-14 11:09:15,990 - INFO - [MainThread:load_and_validate_configurations] ✓ Loaded 12 URL configurations
2025-09-14 11:09:15,990 - INFO - [MainThread:load_and_validate_configurations] Loading application settings...
2025-09-14 11:09:16,004 - INFO - [MainThread:load_settings] Settings loaded and merged with defaults from G:\My Drive\0dev\BF 2.1.4\settings.json
2025-09-14 11:09:16,005 - INFO - [MainThread:load_and_validate_configurations] ✓ Settings loaded and validated
2025-09-14 11:09:16,005 - INFO - [MainThread:<module>] Creating main application window...
2025-09-14 11:09:16,058 - INFO - [MainThread:<module>] Creating MainWindow instance...
2025-09-14 11:09:16,095 - INFO - [MainThread:load_persistent_folders] Loaded 1 persistent folders
2025-09-14 11:09:17,071 - INFO - [MainThread:<module>] ✓ Application initialization completed successfully
2025-09-14 11:09:17,072 - INFO - [MainThread:<module>] 🎯 Starting main event loop...
2025-09-14 11:09:18,918 - INFO - [MainThread:_start_fetch_departments_thread] Fetch Departments button clicked.
2025-09-14 11:09:20,580 - INFO - [DeptFetchThread:patch_exe] patching driver executable C:\Users\kalia\appdata\roaming\undetected_chromedriver\undetected_chromedriver.exe
2025-09-14 11:09:23,354 - CRITICAL - [DeptFetchThread:fetch_department_list_from_site] WebDriverException fetch_dept_list
Traceback (most recent call last):
  File "G:\My Drive\0dev\BF 2.1.4\scraper\logic.py", line 127, in fetch_department_list_from_site
    driver.get(target_url)
    ~~~~~~~~~~^^^^^^^^^^^^
  File "C:\Users\kalia\AppData\Roaming\Python\Python313\site-packages\undetected_chromedriver\__init__.py", line 665, in get
    return super().get(url)
           ~~~~~~~~~~~^^^^^
  File "C:\Users\kalia\AppData\Roaming\Python\Python313\site-packages\selenium\webdriver\remote\webdriver.py", line 479, in get
    self.execute(Command.GET, {"url": url})
    ~~~~~~~~~~~~^^^^^^^^^^^^^^^^^^^^^^^^^^^
  File "C:\Users\kalia\AppData\Roaming\Python\Python313\site-packages\selenium\webdriver\remote\webdriver.py", line 454, in execute
    self.error_handler.check_response(response)
    ~~~~~~~~~~~~~~~~~~~~~~~~~~~~~~~~~^^^^^^^^^^
  File "C:\Users\kalia\AppData\Roaming\Python\Python313\site-packages\selenium\webdriver\remote\errorhandler.py", line 232, in check_response
    raise exception_class(message, screen, stacktrace)
selenium.common.exceptions.NoSuchWindowException: Message: no such window: target window already closed
from unknown error: web view not found
  (Session info: chrome=140.0.7339.128)
Stacktrace:
	GetHandleVerifier [0x0x6cd2a3+66419]
	GetHandleVerifier [0x0x6cd2e4+66484]
	(No symbol) [0x0x4a4bd3]
	(No symbol) [0x0x48343d]
	(No symbol) [0x0x51786e]
	(No symbol) [0x0x5321b9]
	(No symbol) [0x0x510e16]
	(No symbol) [0x0x4e25ce]
	(No symbol) [0x0x4e34a4]
	GetHandleVerifier [0x0x915ee3+2461619]
	GetHandleVerifier [0x0x910f66+2441270]
	GetHandleVerifier [0x0x6f6242+234258]
	GetHandleVerifier [0x0x6e6208+168664]
	GetHandleVerifier [0x0x6ed1ad+197245]
	GetHandleVerifier [0x0x6d55f8+100040]
	GetHandleVerifier [0x0x6d5792+100450]
	GetHandleVerifier [0x0x6bf74a+10266]
	BaseThreadInitThunk [0x0x76f15d49+25]
	RtlInitializeExceptionChain [0x0x77e8d1ab+107]
	RtlGetAppContainerNamedObjectPath [0x0x77e8d131+561]

2025-09-14 11:09:23,390 - INFO - [DeptFetchThread:safe_quit_driver] Closing WebDriver instance...
2025-09-14 11:09:23,580 - INFO - [DeptFetchThread:safe_quit_driver] WebDriver quit successfully.
2025-09-14 11:10:36,979 - INFO - [MainThread:_start_fetch_departments_thread] Fetch Departments button clicked.
2025-09-14 11:10:38,520 - INFO - [DeptFetchThread:patch_exe] patching driver executable C:\Users\kalia\appdata\roaming\undetected_chromedriver\undetected_chromedriver.exe
2025-09-14 11:10:47,941 - INFO - [DeptFetchThread:safe_quit_driver] Closing WebDriver instance...
2025-09-14 11:10:48,130 - INFO - [DeptFetchThread:safe_quit_driver] WebDriver quit successfully.
2025-09-14 11:11:04,771 - INFO - [MainThread:_start_fetch_departments_thread] Fetch Departments button clicked.
2025-09-14 11:11:06,075 - INFO - [DeptFetchThread:patch_exe] patching driver executable C:\Users\kalia\appdata\roaming\undetected_chromedriver\undetected_chromedriver.exe
2025-09-14 11:11:15,352 - INFO - [DeptFetchThread:safe_quit_driver] Closing WebDriver instance...
2025-09-14 11:11:15,453 - INFO - [DeptFetchThread:safe_quit_driver] WebDriver quit successfully.
2025-09-14 11:11:31,382 - INFO - [MainThread:_start_scraping] Starting scraping for ALL 48 departments.
2025-09-14 11:11:32,963 - INFO - [Department Scrape:patch_exe] patching driver executable C:\Users\kalia\appdata\roaming\undetected_chromedriver\undetected_chromedriver.exe
2025-09-14 11:11:59,336 - INFO - [Department Scrape:click_element] Standard click successful for 'Dept Link 'Bus Stands Managemen' (SNo:1)'.
2025-09-14 11:12:05,613 - INFO - [Department Scrape:click_element] Standard click successful for 'Dept List Back Button'.
2025-09-14 11:16:55,654 - INFO - [MainThread:on_closing] Close requested.
2025-09-14 11:16:55,655 - INFO - [MainThread:_save_current_settings_and_show_message] Saving current settings...
2025-09-14 11:16:55,658 - ERROR - [MainThread:on_closing] Failed to save settings on exit: invalid literal for int() with base 10: '10.0'
2025-09-14 11:16:57,964 - WARNING - [MainThread:on_closing] Exiting while task is running.
2025-09-14 11:16:58,048 - INFO - [MainThread:on_closing] Tkinter root window destroyed.
2025-09-14 11:16:58,049 - INFO - [MainThread:on_closing] --- Application Shutdown Sequence Complete ---
2025-09-14 11:16:58,049 - INFO - [MainThread:<module>] Main event loop ended normally
2025-09-14 11:16:58,050 - INFO - [MainThread:<module>] 🛑 Application shutdown initiated...
2025-09-14 11:16:58,050 - INFO - [MainThread:_save_current_settings] Saving current settings...
2025-09-14 11:16:58,051 - WARNING - [MainThread:_save_current_settings] Could not get window geometry, possibly already closed.
2025-09-14 11:16:58,086 - INFO - [MainThread:save_settings] Settings saved successfully to G:\My Drive\0dev\BF 2.1.4\settings.json
2025-09-14 11:17:36,073 - INFO - [MainThread:setup_logging] --- Cloud84 Black Forest Project - Tender Search Utility v2.1.4 Starting ---
2025-09-14 11:17:36,078 - INFO - [MainThread:setup_logging] Platform: Windows 11 (AMD64)
2025-09-14 11:17:36,078 - INFO - [MainThread:setup_logging] Python: 3.13.5 (tags/v3.13.5:6cb20a2, Jun 11 2025, 16:15:46) [MSC v.1943 64 bit (AMD64)]
2025-09-14 11:17:36,079 - INFO - [MainThread:setup_logging] Script Directory: G:\My Drive\0dev\BF 2.1.4
2025-09-14 11:17:36,079 - INFO - [MainThread:setup_logging] Working Directory: G:\My Drive\0dev\BF 2.1.4
2025-09-14 11:17:36,080 - INFO - [MainThread:check_package_versions] ✓ selenium 4.34.2 is available
2025-09-14 11:17:36,666 - INFO - [MainThread:check_package_versions] ✓ pandas 2.3.1 is available
2025-09-14 11:17:36,903 - INFO - [MainThread:check_package_versions] ✓ openpyxl 3.1.5 is available
2025-09-14 11:17:37,165 - INFO - [MainThread:check_package_versions] ✓ requests 2.32.4 is available
2025-09-14 11:17:37,183 - INFO - [MainThread:check_package_versions] ✓ pytesseract 0.3.13 is available
2025-09-14 11:17:37,409 - INFO - [MainThread:check_package_versions] ✓ undetected_chromedriver 3.5.5 (optional) is available
2025-09-14 11:17:37,412 - INFO - [MainThread:check_package_versions] ✓ webdriver_manager 4.0.2 (optional) is available
2025-09-14 11:17:37,416 - INFO - [MainThread:import_application_components] Importing application components...
2025-09-14 11:17:37,860 - INFO - [MainThread:import_application_components] Application components imported successfully
2025-09-14 11:17:37,861 - INFO - [MainThread:<module>] 🚀 Starting application initialization...
2025-09-14 11:17:37,861 - INFO - [MainThread:load_and_validate_configurations] Loading base URL configurations from G:\My Drive\0dev\BF 2.1.4\base_urls.csv...
2025-09-14 11:17:37,892 - INFO - [MainThread:load_base_urls] Loaded 12 base URL configurations from base_urls.csv.
2025-09-14 11:17:37,893 - INFO - [MainThread:load_and_validate_configurations] ✓ Loaded 12 URL configurations
2025-09-14 11:17:37,894 - INFO - [MainThread:load_and_validate_configurations] Loading application settings...
2025-09-14 11:17:37,919 - INFO - [MainThread:load_settings] Settings loaded and merged with defaults from G:\My Drive\0dev\BF 2.1.4\settings.json
2025-09-14 11:17:37,920 - INFO - [MainThread:load_and_validate_configurations] ✓ Settings loaded and validated
2025-09-14 11:17:37,921 - INFO - [MainThread:<module>] Creating main application window...
2025-09-14 11:17:37,969 - INFO - [MainThread:<module>] Creating MainWindow instance...
2025-09-14 11:17:38,013 - INFO - [MainThread:load_persistent_folders] Loaded 1 persistent folders
2025-09-14 11:17:38,994 - INFO - [MainThread:<module>] ✓ Application initialization completed successfully
2025-09-14 11:17:38,995 - INFO - [MainThread:<module>] 🎯 Starting main event loop...
2025-09-14 11:17:40,994 - INFO - [MainThread:_start_fetch_departments_thread] Fetch Departments button clicked.
2025-09-14 11:17:48,145 - INFO - [DeptFetchThread:safe_quit_driver] Closing WebDriver instance...
2025-09-14 11:17:48,321 - INFO - [DeptFetchThread:safe_quit_driver] WebDriver quit successfully.
2025-09-14 11:17:52,922 - INFO - [MainThread:_start_scraping] Starting scraping for ALL 47 departments.
2025-09-14 11:17:56,724 - INFO - [Department Scrape:click_element] Standard click successful for 'Dept Link 'Bus Stands Managemen' (SNo:1)'.
2025-09-14 11:18:02,474 - INFO - [MainThread:_start_scraping] Starting scraping for ALL 47 departments.
2025-09-14 11:18:03,527 - INFO - [Department Scrape:click_element] Standard click successful for 'Dept List Back Button'.
2025-09-14 11:18:06,147 - INFO - [Department Scrape:click_element] Standard click successful for 'Dept Link 'Bus Stands Managemen' (SNo:1)'.
2025-09-14 11:18:10,996 - INFO - [Department Scrape:click_element] Standard click successful for 'Dept Link 'Chief Project Direct' (SNo:2)'.
2025-09-14 11:18:12,988 - INFO - [Department Scrape:click_element] Standard click successful for 'Dept List Back Button'.
2025-09-14 11:18:19,501 - INFO - [Department Scrape:click_element] Standard click successful for 'Dept List Back Button'.
2025-09-14 11:18:20,124 - INFO - [Department Scrape:click_element] Standard click successful for 'Dept Link 'Chief Project Direct' (SNo:2)'.
2025-09-14 11:18:23,733 - ERROR - [Department Scrape:_scrape_tender_details] WebDriverException scraping details Chief Project Director IDP Solan
Traceback (most recent call last):
  File "G:\My Drive\0dev\BF 2.1.4\scraper\logic.py", line 245, in _scrape_tender_details
    table = WebDriverWait(driver, ELEMENT_WAIT_TIMEOUT).until(EC.presence_of_element_located(DETAILS_TABLE_LOCATOR)); log_callback("    Details table located."); time.sleep(STABILIZE_WAIT / 2)
  File "C:\Users\kalia\AppData\Roaming\Python\Python313\site-packages\selenium\webdriver\support\wait.py", line 129, in until
    value = method(self._driver)
  File "C:\Users\kalia\AppData\Roaming\Python\Python313\site-packages\selenium\webdriver\support\expected_conditions.py", line 104, in _predicate
    return driver.find_element(*locator)
           ~~~~~~~~~~~~~~~~~~~^^^^^^^^^^
  File "C:\Users\kalia\AppData\Roaming\Python\Python313\site-packages\selenium\webdriver\remote\webdriver.py", line 922, in find_element
    return self.execute(Command.FIND_ELEMENT, {"using": by, "value": value})["value"]
           ~~~~~~~~~~~~^^^^^^^^^^^^^^^^^^^^^^^^^^^^^^^^^^^^^^^^^^^^^^^^^^^^^
  File "C:\Users\kalia\AppData\Roaming\Python\Python313\site-packages\selenium\webdriver\remote\webdriver.py", line 454, in execute
    self.error_handler.check_response(response)
    ~~~~~~~~~~~~~~~~~~~~~~~~~~~~~~~~~^^^^^^^^^^
  File "C:\Users\kalia\AppData\Roaming\Python\Python313\site-packages\selenium\webdriver\remote\errorhandler.py", line 232, in check_response
    raise exception_class(message, screen, stacktrace)
selenium.common.exceptions.InvalidSessionIdException: Message: invalid session id: session deleted as the browser has closed the connection
from disconnected: not connected to DevTools
  (Session info: chrome=140.0.7339.128); For documentation on this error, please visit: https://www.selenium.dev/documentation/webdriver/troubleshooting/errors#invalidsessionidexception
Stacktrace:
	GetHandleVerifier [0x0xd9d2a3+66419]
	GetHandleVerifier [0x0xd9d2e4+66484]
	(No symbol) [0x0xb74bd3]
	(No symbol) [0x0xb64070]
	(No symbol) [0x0xb8277b]
	(No symbol) [0x0xbe7a45]
	(No symbol) [0x0xc021b9]
	(No symbol) [0x0xbe0e16]
	(No symbol) [0x0xbb25ce]
	(No symbol) [0x0xbb34a4]
	GetHandleVerifier [0x0xfe5ee3+2461619]
	GetHandleVerifier [0x0xfe0f66+2441270]
	GetHandleVerifier [0x0xdc6242+234258]
	GetHandleVerifier [0x0xdb6208+168664]
	GetHandleVerifier [0x0xdbd1ad+197245]
	GetHandleVerifier [0x0xda55f8+100040]
	GetHandleVerifier [0x0xda5792+100450]
	GetHandleVerifier [0x0xd8f74a+10266]
	BaseThreadInitThunk [0x0x76f15d49+25]
	RtlInitializeExceptionChain [0x0x77e8d1ab+107]
	RtlGetAppContainerNamedObjectPath [0x0x77e8d131+561]

2025-09-14 11:18:23,777 - ERROR - [Department Scrape:click_element] WebDriver error during standard click 1 for 'Dept List Back Button': Message: invalid session id; For documentation on this error, please visit: https://www.selenium.dev/documentation/webdriver/troubleshooting/errors#invalidsessionidexception
Stacktrace:
	GetHandleVerifier [0x0xd9d2a3+66419]
	GetHandleVerifier [0x0xd9d2e4+66484]
	(No symbol) [0x0xb74a20]
	(No symbol) [0x0xbb18a3]
	(No symbol) [0x0xbe0ed6]
	(No symbol) [0x0xbdc7bb]
	(No symbol) [0x0xbdbd43]
	(No symbol) [0x0xb459ed]
	(No symbol) [0x0xb45f6e]
	(No symbol) [0x0xb4640d]
	GetHandleVerifier [0x0xfe5ee3+2461619]
	GetHandleVerifier [0x0xfe0f66+2441270]
	GetHandleVerifier [0x0xdc6242+234258]
	GetHandleVerifier [0x0xdb6208+168664]
	GetHandleVerifier [0x0xdbd1ad+197245]
	(No symbol) [0x0xb456a2]
	(No symbol) [0x0xb44eb9]
	GetHandleVerifier [0x0x1110fdc+3686572]
	BaseThreadInitThunk [0x0x76f15d49+25]
	RtlInitializeExceptionChain [0x0x77e8d1ab+107]
	RtlGetAppContainerNamedObjectPath [0x0x77e8d131+561]

2025-09-14 11:18:23,778 - ERROR - [Department Scrape:click_element] All click attempts failed for 'Dept List Back Button'. Last error: InvalidSessionIdException: Message: invalid session id; For documentation on this error, please visit: https://www.selenium.dev/documentation/webdriver/troubleshooting/errors#invalidsessionidexception
2025-09-14 11:18:23,875 - INFO - [Department Scrape:safe_quit_driver] Closing WebDriver instance...
2025-09-14 11:18:23,960 - INFO - [Department Scrape:safe_quit_driver] WebDriver quit successfully.
2025-09-14 11:18:26,610 - INFO - [Department Scrape:click_element] Standard click successful for 'Dept Link 'DC Office Kullu' (SNo:3)'.
2025-09-14 11:18:31,875 - INFO - [Department Scrape:click_element] Standard click successful for 'Dept List Back Button'.
2025-09-14 11:18:39,243 - INFO - [Department Scrape:click_element] Standard click successful for 'Dept Link 'Department of Health' (SNo:4)'.
2025-09-14 11:18:42,854 - ERROR - [Department Scrape:_scrape_tender_details] WebDriverException scraping details Department of Health and Family Welfare
Traceback (most recent call last):
  File "G:\My Drive\0dev\BF 2.1.4\scraper\logic.py", line 245, in _scrape_tender_details
    table = WebDriverWait(driver, ELEMENT_WAIT_TIMEOUT).until(EC.presence_of_element_located(DETAILS_TABLE_LOCATOR)); log_callback("    Details table located."); time.sleep(STABILIZE_WAIT / 2)
  File "C:\Users\kalia\AppData\Roaming\Python\Python313\site-packages\selenium\webdriver\support\wait.py", line 129, in until
    value = method(self._driver)
  File "C:\Users\kalia\AppData\Roaming\Python\Python313\site-packages\selenium\webdriver\support\expected_conditions.py", line 104, in _predicate
    return driver.find_element(*locator)
           ~~~~~~~~~~~~~~~~~~~^^^^^^^^^^
  File "C:\Users\kalia\AppData\Roaming\Python\Python313\site-packages\selenium\webdriver\remote\webdriver.py", line 922, in find_element
    return self.execute(Command.FIND_ELEMENT, {"using": by, "value": value})["value"]
           ~~~~~~~~~~~~^^^^^^^^^^^^^^^^^^^^^^^^^^^^^^^^^^^^^^^^^^^^^^^^^^^^^
  File "C:\Users\kalia\AppData\Roaming\Python\Python313\site-packages\selenium\webdriver\remote\webdriver.py", line 454, in execute
    self.error_handler.check_response(response)
    ~~~~~~~~~~~~~~~~~~~~~~~~~~~~~~~~~^^^^^^^^^^
  File "C:\Users\kalia\AppData\Roaming\Python\Python313\site-packages\selenium\webdriver\remote\errorhandler.py", line 232, in check_response
    raise exception_class(message, screen, stacktrace)
selenium.common.exceptions.InvalidSessionIdException: Message: invalid session id: session deleted as the browser has closed the connection
from disconnected: not connected to DevTools
  (Session info: chrome=140.0.7339.128); For documentation on this error, please visit: https://www.selenium.dev/documentation/webdriver/troubleshooting/errors#invalidsessionidexception
Stacktrace:
	GetHandleVerifier [0x0xd9d2a3+66419]
	GetHandleVerifier [0x0xd9d2e4+66484]
	(No symbol) [0x0xb74bd3]
	(No symbol) [0x0xb64070]
	(No symbol) [0x0xb8277b]
	(No symbol) [0x0xbe7a45]
	(No symbol) [0x0xc021b9]
	(No symbol) [0x0xbe0e16]
	(No symbol) [0x0xbb25ce]
	(No symbol) [0x0xbb34a4]
	GetHandleVerifier [0x0xfe5ee3+2461619]
	GetHandleVerifier [0x0xfe0f66+2441270]
	GetHandleVerifier [0x0xdc6242+234258]
	GetHandleVerifier [0x0xdb6208+168664]
	GetHandleVerifier [0x0xdbd1ad+197245]
	GetHandleVerifier [0x0xda55f8+100040]
	GetHandleVerifier [0x0xda5792+100450]
	GetHandleVerifier [0x0xd8f74a+10266]
	BaseThreadInitThunk [0x0x76f15d49+25]
	RtlInitializeExceptionChain [0x0x77e8d1ab+107]
	RtlGetAppContainerNamedObjectPath [0x0x77e8d131+561]

2025-09-14 11:18:42,873 - ERROR - [Department Scrape:click_element] WebDriver error during standard click 1 for 'Dept List Back Button': Message: invalid session id; For documentation on this error, please visit: https://www.selenium.dev/documentation/webdriver/troubleshooting/errors#invalidsessionidexception
Stacktrace:
	GetHandleVerifier [0x0xd9d2a3+66419]
	GetHandleVerifier [0x0xd9d2e4+66484]
	(No symbol) [0x0xb74a20]
	(No symbol) [0x0xbb18a3]
	(No symbol) [0x0xbe0ed6]
	(No symbol) [0x0xbdc7bb]
	(No symbol) [0x0xbdbd43]
	(No symbol) [0x0xb459ed]
	(No symbol) [0x0xb45f6e]
	(No symbol) [0x0xb4640d]
	GetHandleVerifier [0x0xfe5ee3+2461619]
	GetHandleVerifier [0x0xfe0f66+2441270]
	GetHandleVerifier [0x0xdc6242+234258]
	GetHandleVerifier [0x0xdb6208+168664]
	GetHandleVerifier [0x0xdbd1ad+197245]
	(No symbol) [0x0xb456a2]
	(No symbol) [0x0xb44eb9]
	GetHandleVerifier [0x0x1110fdc+3686572]
	BaseThreadInitThunk [0x0x76f15d49+25]
	RtlInitializeExceptionChain [0x0x77e8d1ab+107]
	RtlGetAppContainerNamedObjectPath [0x0x77e8d131+561]

2025-09-14 11:18:42,874 - ERROR - [Department Scrape:click_element] All click attempts failed for 'Dept List Back Button'. Last error: InvalidSessionIdException: Message: invalid session id; For documentation on this error, please visit: https://www.selenium.dev/documentation/webdriver/troubleshooting/errors#invalidsessionidexception
2025-09-14 11:18:42,948 - INFO - [Department Scrape:safe_quit_driver] Closing WebDriver instance...
2025-09-14 11:18:43,031 - INFO - [Department Scrape:safe_quit_driver] WebDriver quit successfully.
2025-09-14 11:18:54,355 - INFO - [MainThread:_start_scraping] Starting scraping for 4 selected departments.
2025-09-14 11:18:58,062 - INFO - [Department Scrape:click_element] Standard click successful for 'Dept Link 'Department of Health' (SNo:4)'.
2025-09-14 11:19:03,518 - INFO - [Department Scrape:click_element] Standard click successful for 'Dept List Back Button'.
2025-09-14 11:19:10,592 - INFO - [Department Scrape:click_element] Standard click successful for 'Dept Link 'Department of Inform' (SNo:5)'.
2025-09-14 11:19:15,901 - INFO - [Department Scrape:click_element] Standard click successful for 'Dept List Back Button'.
2025-09-14 11:19:23,206 - INFO - [Department Scrape:click_element] Standard click successful for 'Dept Link 'DHARAMSHALA SMART CI' (SNo:6)'.
2025-09-14 11:19:28,572 - INFO - [Department Scrape:click_element] Standard click successful for 'Dept List Back Button'.
2025-09-14 11:19:35,766 - INFO - [Department Scrape:click_element] Standard click successful for 'Dept Link 'Directorate Animal H' (SNo:7)'.
2025-09-14 11:19:41,445 - INFO - [Department Scrape:click_element] Standard click successful for 'Dept List Back Button'.
2025-09-14 11:19:47,770 - INFO - [Department Scrape:safe_quit_driver] Closing WebDriver instance...
2025-09-14 11:19:47,969 - INFO - [Department Scrape:safe_quit_driver] WebDriver quit successfully.
2025-09-14 11:35:58,959 - INFO - [MainThread:on_closing] Close requested.
2025-09-14 11:35:58,960 - INFO - [MainThread:_save_current_settings_and_show_message] Saving current settings...
2025-09-14 11:35:58,962 - ERROR - [MainThread:on_closing] Failed to save settings on exit: invalid literal for int() with base 10: '10.0'
2025-09-14 11:35:59,050 - INFO - [MainThread:on_closing] Tkinter root window destroyed.
2025-09-14 11:35:59,051 - INFO - [MainThread:on_closing] --- Application Shutdown Sequence Complete ---
2025-09-14 11:35:59,051 - INFO - [MainThread:<module>] Main event loop ended normally
2025-09-14 11:35:59,052 - INFO - [MainThread:<module>] 🛑 Application shutdown initiated...
2025-09-14 11:35:59,052 - INFO - [MainThread:_save_current_settings] Saving current settings...
2025-09-14 11:35:59,053 - WARNING - [MainThread:_save_current_settings] Could not get window geometry, possibly already closed.
2025-09-14 11:35:59,089 - INFO - [MainThread:save_settings] Settings saved successfully to G:\My Drive\0dev\BF 2.1.4\settings.json
2025-09-14 11:36:49,267 - INFO - [MainThread:setup_logging] --- Cloud84 Black Forest Project - Tender Search Utility v2.1.4 Starting ---
2025-09-14 11:36:49,273 - INFO - [MainThread:setup_logging] Platform: Windows 11 (AMD64)
2025-09-14 11:36:49,274 - INFO - [MainThread:setup_logging] Python: 3.13.5 (tags/v3.13.5:6cb20a2, Jun 11 2025, 16:15:46) [MSC v.1943 64 bit (AMD64)]
2025-09-14 11:36:49,274 - INFO - [MainThread:setup_logging] Script Directory: G:\My Drive\0dev\BF 2.1.4
2025-09-14 11:36:49,275 - INFO - [MainThread:setup_logging] Working Directory: G:\My Drive\0dev\BF 2.1.4
2025-09-14 11:36:49,275 - INFO - [MainThread:check_package_versions] ✓ selenium 4.34.2 is available
2025-09-14 11:36:49,838 - INFO - [MainThread:check_package_versions] ✓ pandas 2.3.1 is available
2025-09-14 11:36:50,043 - INFO - [MainThread:check_package_versions] ✓ openpyxl 3.1.5 is available
2025-09-14 11:36:50,286 - INFO - [MainThread:check_package_versions] ✓ requests 2.32.4 is available
2025-09-14 11:36:50,303 - INFO - [MainThread:check_package_versions] ✓ pytesseract 0.3.13 is available
2025-09-14 11:36:50,509 - INFO - [MainThread:check_package_versions] ✓ undetected_chromedriver 3.5.5 (optional) is available
2025-09-14 11:36:50,512 - INFO - [MainThread:check_package_versions] ✓ webdriver_manager 4.0.2 (optional) is available
2025-09-14 11:36:50,514 - INFO - [MainThread:import_application_components] Importing application components...
2025-09-14 11:36:50,623 - ERROR - [MainThread:import_application_components] Unexpected import error: expected 'except' or 'finally' block (tab_department.py, line 272)
Traceback (most recent call last):
  File "G:\My Drive\0dev\BF 2.1.4\main.py", line 215, in import_application_components
    from gui.main_window import MainWindow
  File "G:\My Drive\0dev\BF 2.1.4\gui\main_window.py", line 25, in <module>
    from gui.tab_department import DepartmentTab
  File "G:\My Drive\0dev\BF 2.1.4\gui\tab_department.py", line 272
    
    ^
SyntaxError: expected 'except' or 'finally' block
2025-09-14 11:45:14,626 - INFO - [MainThread:setup_logging] --- Cloud84 Black Forest Project - Tender Search Utility v2.1.4 Starting ---
2025-09-14 11:45:14,647 - INFO - [MainThread:setup_logging] Platform: Windows 11 (AMD64)
2025-09-14 11:45:14,648 - INFO - [MainThread:setup_logging] Python: 3.13.5 (tags/v3.13.5:6cb20a2, Jun 11 2025, 16:15:46) [MSC v.1943 64 bit (AMD64)]
2025-09-14 11:45:14,649 - INFO - [MainThread:setup_logging] Script Directory: G:\My Drive\0dev\BF 2.1.4
2025-09-14 11:45:14,649 - INFO - [MainThread:setup_logging] Working Directory: G:\My Drive\0dev\BF 2.1.4
2025-09-14 11:45:14,650 - INFO - [MainThread:check_package_versions] ✓ selenium 4.34.2 is available
2025-09-14 11:45:18,811 - INFO - [MainThread:check_package_versions] ✓ pandas 2.3.1 is available
2025-09-14 11:45:19,188 - INFO - [MainThread:check_package_versions] ✓ openpyxl 3.1.5 is available
2025-09-14 11:45:19,529 - INFO - [MainThread:check_package_versions] ✓ requests 2.32.4 is available
2025-09-14 11:45:19,541 - INFO - [MainThread:check_package_versions] ✓ pytesseract 0.3.13 is available
2025-09-14 11:45:19,917 - INFO - [MainThread:check_package_versions] ✓ undetected_chromedriver 3.5.5 (optional) is available
2025-09-14 11:45:19,919 - INFO - [MainThread:check_package_versions] ✓ webdriver_manager 4.0.2 (optional) is available
2025-09-14 11:45:19,921 - INFO - [MainThread:import_application_components] Importing application components...
2025-09-14 11:45:20,456 - INFO - [MainThread:import_application_components] Application components imported successfully
2025-09-14 11:45:20,456 - INFO - [MainThread:<module>] 🚀 Starting application initialization...
2025-09-14 11:45:20,456 - INFO - [MainThread:load_and_validate_configurations] Loading base URL configurations from G:\My Drive\0dev\BF 2.1.4\base_urls.csv...
2025-09-14 11:45:20,470 - INFO - [MainThread:load_base_urls] Loaded 12 base URL configurations from base_urls.csv.
2025-09-14 11:45:20,471 - INFO - [MainThread:load_and_validate_configurations] ✓ Loaded 12 URL configurations
2025-09-14 11:45:20,473 - INFO - [MainThread:load_and_validate_configurations] Loading application settings...
2025-09-14 11:45:20,484 - INFO - [MainThread:load_settings] Settings loaded and merged with defaults from G:\My Drive\0dev\BF 2.1.4\settings.json
2025-09-14 11:45:20,485 - INFO - [MainThread:load_and_validate_configurations] ✓ Settings loaded and validated
2025-09-14 11:45:20,485 - INFO - [MainThread:<module>] Creating main application window...
2025-09-14 11:45:21,244 - INFO - [MainThread:<module>] Creating MainWindow instance...
2025-09-14 11:45:21,296 - INFO - [MainThread:load_persistent_folders] Loaded 1 persistent folders
2025-09-14 11:45:26,124 - INFO - [MainThread:<module>] ✓ Application initialization completed successfully
2025-09-14 11:45:26,126 - INFO - [MainThread:<module>] 🎯 Starting main event loop...
2025-09-14 11:45:39,759 - INFO - [MainThread:_start_fetch_departments_thread] Fetch Departments button clicked.
2025-09-14 11:45:42,315 - INFO - [DeptFetchThread:patch_exe] patching driver executable C:\Users\kalia\appdata\roaming\undetected_chromedriver\undetected_chromedriver.exe
2025-09-14 11:45:51,590 - INFO - [DeptFetchThread:safe_quit_driver] Closing WebDriver instance...
2025-09-14 11:45:51,776 - INFO - [DeptFetchThread:safe_quit_driver] WebDriver quit successfully.
2025-09-14 11:46:31,943 - INFO - [MainThread:_start_scraping] Starting scraping for 3 selected valid departments.
2025-09-14 11:46:34,576 - INFO - [Department Scrape:patch_exe] patching driver executable C:\Users\kalia\appdata\roaming\undetected_chromedriver\undetected_chromedriver.exe
2025-09-14 11:46:40,681 - INFO - [Department Scrape:click_element] Standard click successful for 'Dept Link 'Department of Health' (SNo:4)'.
2025-09-14 11:46:46,555 - INFO - [Department Scrape:click_element] Standard click successful for 'Dept List Back Button'.
2025-09-14 11:46:53,791 - INFO - [Department Scrape:click_element] Standard click successful for 'Dept Link 'Department of Inform' (SNo:5)'.
2025-09-14 11:46:59,160 - INFO - [Department Scrape:click_element] Standard click successful for 'Dept List Back Button'.
2025-09-14 11:47:06,400 - INFO - [Department Scrape:click_element] Standard click successful for 'Dept Link 'DHARAMSHALA SMART CI' (SNo:6)'.
2025-09-14 11:47:11,738 - INFO - [Department Scrape:click_element] Standard click successful for 'Dept List Back Button'.
2025-09-14 11:47:18,121 - INFO - [Department Scrape:safe_quit_driver] Closing WebDriver instance...
2025-09-14 11:47:18,304 - INFO - [Department Scrape:safe_quit_driver] WebDriver quit successfully.
2025-09-14 11:48:38,091 - INFO - [MainThread:_start_scraping] Starting scraping for ALL 47 valid departments (filtered from 47 total).
2025-09-14 11:48:39,646 - INFO - [Department Scrape:patch_exe] patching driver executable C:\Users\kalia\appdata\roaming\undetected_chromedriver\undetected_chromedriver.exe
2025-09-14 11:48:45,761 - INFO - [Department Scrape:click_element] Standard click successful for 'Dept Link 'Bus Stands Managemen' (SNo:1)'.
2025-09-14 11:48:53,467 - INFO - [Department Scrape:click_element] Standard click successful for 'Dept List Back Button'.
2025-09-14 11:49:01,403 - INFO - [Department Scrape:click_element] Standard click successful for 'Dept Link 'Chief Project Direct' (SNo:2)'.
2025-09-14 11:49:09,828 - INFO - [Department Scrape:click_element] Standard click successful for 'Dept List Back Button'.
2025-09-14 11:49:17,381 - INFO - [Department Scrape:click_element] Standard click successful for 'Dept Link 'DC Office Kullu' (SNo:3)'.
2025-09-14 11:49:23,053 - INFO - [Department Scrape:click_element] Standard click successful for 'Dept List Back Button'.
2025-09-14 11:49:30,946 - INFO - [Department Scrape:click_element] Standard click successful for 'Dept Link 'Department of Health' (SNo:4)'.
2025-09-14 11:49:36,685 - INFO - [Department Scrape:click_element] Standard click successful for 'Dept List Back Button'.
2025-09-14 11:49:44,414 - INFO - [Department Scrape:click_element] Standard click successful for 'Dept Link 'Department of Inform' (SNo:5)'.
2025-09-14 11:49:50,256 - INFO - [Department Scrape:click_element] Standard click successful for 'Dept List Back Button'.
2025-09-14 11:49:58,643 - INFO - [Department Scrape:click_element] Standard click successful for 'Dept Link 'DHARAMSHALA SMART CI' (SNo:6)'.
2025-09-14 11:50:04,676 - INFO - [Department Scrape:click_element] Standard click successful for 'Dept List Back Button'.
2025-09-14 11:50:12,598 - INFO - [Department Scrape:click_element] Standard click successful for 'Dept Link 'Directorate Animal H' (SNo:7)'.
2025-09-14 11:50:18,979 - INFO - [Department Scrape:click_element] Standard click successful for 'Dept List Back Button'.
2025-09-14 11:50:26,718 - INFO - [Department Scrape:click_element] Standard click successful for 'Dept Link 'Directorate of Food ' (SNo:8)'.
2025-09-14 11:50:32,615 - INFO - [Department Scrape:click_element] Standard click successful for 'Dept List Back Button'.
2025-09-14 11:50:40,855 - INFO - [Department Scrape:click_element] Standard click successful for 'Dept Link 'Directorate of Foren' (SNo:9)'.
2025-09-14 11:50:47,560 - INFO - [Department Scrape:click_element] Standard click successful for 'Dept List Back Button'.
2025-09-14 11:50:55,447 - INFO - [Department Scrape:click_element] Standard click successful for 'Dept Link 'Directorate of Horti' (SNo:10)'.
2025-09-14 11:51:01,368 - INFO - [Department Scrape:click_element] Standard click successful for 'Dept List Back Button'.
2025-09-14 11:51:09,126 - INFO - [Department Scrape:click_element] Standard click successful for 'Dept Link 'Directorate of Medic' (SNo:11)'.
2025-09-14 11:51:15,613 - INFO - [Department Scrape:click_element] Standard click successful for 'Dept List Back Button'.
2025-09-14 11:51:23,565 - INFO - [Department Scrape:click_element] Standard click successful for 'Dept Link 'Directorate of Techn' (SNo:12)'.
2025-09-14 11:51:29,611 - INFO - [Department Scrape:click_element] Standard click successful for 'Dept List Back Button'.
2025-09-14 11:51:37,405 - INFO - [Department Scrape:click_element] Standard click successful for 'Dept Link 'Directorate of Urban' (SNo:13)'.
2025-09-14 11:51:44,723 - INFO - [Department Scrape:click_element] Standard click successful for 'Dept List Back Button'.
2025-09-14 11:51:52,482 - INFO - [Department Scrape:click_element] Standard click successful for 'Dept Link 'Directorate Rural De' (SNo:14)'.
2025-09-14 11:51:58,390 - INFO - [Department Scrape:click_element] Standard click successful for 'Dept List Back Button'.
2025-09-14 11:52:06,246 - INFO - [Department Scrape:click_element] Standard click successful for 'Dept Link 'Director of Agricult' (SNo:15)'.
2025-09-14 11:52:12,047 - INFO - [Department Scrape:click_element] Standard click successful for 'Dept List Back Button'.
2025-09-14 11:52:19,858 - INFO - [Department Scrape:click_element] Standard click successful for 'Dept Link 'Disaster Management ' (SNo:16)'.
2025-09-14 11:52:25,712 - INFO - [Department Scrape:click_element] Standard click successful for 'Dept List Back Button'.
2025-09-14 11:52:33,751 - INFO - [Department Scrape:click_element] Standard click successful for 'Dept Link 'Dr. Yashwant Singh P' (SNo:17)'.
2025-09-14 11:52:39,882 - INFO - [Department Scrape:click_element] Standard click successful for 'Dept List Back Button'.
2025-09-14 11:52:47,683 - INFO - [Department Scrape:click_element] Standard click successful for 'Dept Link 'Eco-Tourism Society ' (SNo:18)'.
2025-09-14 11:52:55,355 - INFO - [Department Scrape:click_element] Standard click successful for 'Dept List Back Button'.
2025-09-14 11:53:03,268 - INFO - [Department Scrape:click_element] Standard click successful for 'Dept Link 'Himachal Pradesh Agr' (SNo:19)'.
2025-09-14 11:53:09,169 - INFO - [Department Scrape:click_element] Standard click successful for 'Dept List Back Button'.
2025-09-14 11:53:17,133 - INFO - [Department Scrape:click_element] Standard click successful for 'Dept Link 'Himachal Pradesh Boa' (SNo:20)'.
2025-09-14 11:53:22,932 - INFO - [Department Scrape:click_element] Standard click successful for 'Dept List Back Button'.
2025-09-14 11:53:31,138 - INFO - [Department Scrape:click_element] Standard click successful for 'Dept Link 'Himachal Pradesh For' (SNo:21)'.
2025-09-14 11:53:36,852 - INFO - [Department Scrape:click_element] Standard click successful for 'Dept List Back Button'.
2025-09-14 11:53:44,881 - INFO - [Department Scrape:click_element] Standard click successful for 'Dept Link 'Himachal Pradesh Med' (SNo:22)'.
2025-09-14 11:53:50,883 - INFO - [Department Scrape:click_element] Standard click successful for 'Dept List Back Button'.
2025-09-14 11:53:58,673 - INFO - [Department Scrape:click_element] Standard click successful for 'Dept Link 'Himachal Pradesh Sch' (SNo:23)'.
2025-09-14 11:54:04,290 - INFO - [Department Scrape:click_element] Standard click successful for 'Dept List Back Button'.
2025-09-14 11:54:12,120 - INFO - [Department Scrape:click_element] Standard click successful for 'Dept Link 'Himachal Pradesh Tou' (SNo:24)'.
2025-09-14 11:54:18,113 - INFO - [Department Scrape:click_element] Standard click successful for 'Dept List Back Button'.
2025-09-14 11:54:25,990 - INFO - [Department Scrape:click_element] Standard click successful for 'Dept Link 'Himachal Pradesh Tou' (SNo:25)'.
2025-09-14 11:54:31,912 - INFO - [Department Scrape:click_element] Standard click successful for 'Dept List Back Button'.
2025-09-14 11:54:39,802 - INFO - [Department Scrape:click_element] Standard click successful for 'Dept Link 'Himachal Pradesh Uni' (SNo:26)'.
2025-09-14 11:54:46,778 - INFO - [Department Scrape:click_element] Standard click successful for 'Dept List Back Button'.
2025-09-14 11:54:55,260 - INFO - [Department Scrape:click_element] Standard click successful for 'Dept Link 'Himachal Urban Devel' (SNo:27)'.
2025-09-14 11:55:01,063 - INFO - [Department Scrape:click_element] Standard click successful for 'Dept List Back Button'.
2025-09-14 11:55:09,198 - INFO - [Department Scrape:click_element] Standard click successful for 'Dept Link 'HP Aquaculture Fishe' (SNo:28)'.
2025-09-14 11:55:14,901 - INFO - [Department Scrape:click_element] Standard click successful for 'Dept List Back Button'.
2025-09-14 11:55:22,701 - INFO - [Department Scrape:click_element] Standard click successful for 'Dept Link 'HP Cooperative Marke' (SNo:29)'.
2025-09-14 11:55:28,394 - INFO - [Department Scrape:click_element] Standard click successful for 'Dept List Back Button'.
2025-09-14 11:55:36,338 - INFO - [Department Scrape:click_element] Standard click successful for 'Dept Link 'HP General Industrie' (SNo:30)'.
2025-09-14 11:55:42,520 - INFO - [Department Scrape:click_element] Standard click successful for 'Dept List Back Button'.
2025-09-14 11:55:50,439 - INFO - [Department Scrape:click_element] Standard click successful for 'Dept Link 'HP-HRTC-Manging Dire' (SNo:31)'.
2025-09-14 11:55:56,898 - INFO - [Department Scrape:click_element] Standard click successful for 'Dept List Back Button'.
2025-09-14 11:56:05,859 - INFO - [Department Scrape:click_element] Standard click successful for 'Dept Link 'HP Irrigation and Pu' (SNo:32)'.
2025-09-14 11:56:22,752 - INFO - [Department Scrape:click_element] Standard click successful for 'Dept List Back Button'.
2025-09-14 11:56:30,910 - INFO - [Department Scrape:click_element] Standard click successful for 'Dept Link 'HP Krishi Vishva Vid' (SNo:33)'.
2025-09-14 11:56:36,955 - INFO - [Department Scrape:click_element] Standard click successful for 'Dept List Back Button'.
2025-09-14 11:56:45,029 - INFO - [Department Scrape:click_element] Standard click successful for 'Dept Link 'HP Power Transmissio' (SNo:34)'.
2025-09-14 11:56:51,268 - INFO - [Department Scrape:click_element] Standard click successful for 'Dept List Back Button'.
2025-09-14 11:56:59,341 - INFO - [Department Scrape:click_element] Standard click successful for 'Dept Link 'HPSEBL' (SNo:35)'.
2025-09-14 11:57:13,455 - INFO - [Department Scrape:click_element] Standard click successful for 'Dept List Back Button'.
2025-09-14 11:57:21,483 - INFO - [Department Scrape:click_element] Standard click successful for 'Dept Link 'HP SIDC Limited' (SNo:36)'.
2025-09-14 11:57:27,244 - INFO - [Department Scrape:click_element] Standard click successful for 'Dept List Back Button'.
2025-09-14 11:57:35,002 - INFO - [Department Scrape:click_element] Standard click successful for 'Dept Link 'H.P. State Electroni' (SNo:37)'.
2025-09-14 11:57:40,669 - INFO - [Department Scrape:click_element] Standard click successful for 'Dept List Back Button'.
2025-09-14 11:57:48,602 - INFO - [Department Scrape:click_element] Standard click successful for 'Dept Link 'HP State Forest Deve' (SNo:38)'.
2025-09-14 11:57:54,360 - INFO - [Department Scrape:click_element] Standard click successful for 'Dept List Back Button'.
2025-09-14 11:58:02,580 - INFO - [Department Scrape:click_element] Standard click successful for 'Dept Link 'Industries Departmen' (SNo:39)'.
2025-09-14 11:58:09,168 - INFO - [Department Scrape:click_element] Standard click successful for 'Dept List Back Button'.
2025-09-14 11:58:17,531 - INFO - [Department Scrape:click_element] Standard click successful for 'Dept Link 'Municipal Corporatio' (SNo:40)'.
2025-09-14 11:58:23,172 - INFO - [Department Scrape:click_element] Standard click successful for 'Dept List Back Button'.
2025-09-14 11:58:31,201 - INFO - [Department Scrape:click_element] Standard click successful for 'Dept Link 'Non Conventional Ene' (SNo:41)'.
2025-09-14 11:58:37,413 - INFO - [Department Scrape:click_element] Standard click successful for 'Dept List Back Button'.
2025-09-14 11:58:45,617 - INFO - [Department Scrape:click_element] Standard click successful for 'Dept Link 'Printing and Station' (SNo:42)'.
2025-09-14 11:58:51,278 - INFO - [Department Scrape:click_element] Standard click successful for 'Dept List Back Button'.
2025-09-14 11:59:00,524 - INFO - [Department Scrape:click_element] Standard click successful for 'Dept Link 'PWD' (SNo:43)'.
2025-09-14 11:59:44,250 - INFO - [Department Scrape:click_element] Standard click successful for 'Dept List Back Button'.
2025-09-14 11:59:52,360 - INFO - [Department Scrape:click_element] Standard click successful for 'Dept Link 'Ropeway and Rapid Tr' (SNo:44)'.
2025-09-14 11:59:58,142 - INFO - [Department Scrape:click_element] Standard click successful for 'Dept List Back Button'.
2025-09-14 12:00:06,162 - INFO - [Department Scrape:click_element] Standard click successful for 'Dept Link 'Shimla Jal Prabandha' (SNo:45)'.
2025-09-14 12:00:12,409 - INFO - [Department Scrape:click_element] Standard click successful for 'Dept List Back Button'.
2025-09-14 12:00:20,395 - INFO - [Department Scrape:click_element] Standard click successful for 'Dept Link 'Trust Baba Balak Nat' (SNo:46)'.
2025-09-14 12:00:26,137 - INFO - [Department Scrape:click_element] Standard click successful for 'Dept List Back Button'.
2025-09-14 12:00:34,158 - INFO - [Department Scrape:click_element] Standard click successful for 'Dept Link 'Wool Fedration' (SNo:47)'.
2025-09-14 12:00:40,598 - INFO - [Department Scrape:click_element] Standard click successful for 'Dept List Back Button'.
2025-09-14 12:00:47,299 - INFO - [Department Scrape:safe_quit_driver] Closing WebDriver instance...
2025-09-14 12:00:47,483 - INFO - [Department Scrape:safe_quit_driver] WebDriver quit successfully.
2025-09-14 12:22:27,387 - INFO - [MainThread:get_tender_ids_from_input] Parsed 1 potential Tender IDs from input.
2025-09-14 12:22:27,388 - INFO - [MainThread:start_search_ids] Starting Search & Download for 1 ID(s). Base download dir: C:\Users\kalia\Downloads
2025-09-14 12:22:29,348 - INFO - [Tender ID Search:patch_exe] patching driver executable C:\Users\kalia\appdata\roaming\undetected_chromedriver\undetected_chromedriver.exe
2025-09-14 12:23:22,370 - INFO - [Tender ID Search:safe_quit_driver] Closing WebDriver instance...
2025-09-14 12:23:22,625 - INFO - [Tender ID Search:safe_quit_driver] WebDriver quit successfully.
2025-09-14 12:36:06,252 - INFO - [MainThread:setup_logging] --- Cloud84 Black Forest Project - Tender Search Utility v2.1.4 Starting ---
2025-09-14 12:36:06,257 - INFO - [MainThread:setup_logging] Platform: Windows 11 (AMD64)
2025-09-14 12:36:06,258 - INFO - [MainThread:setup_logging] Python: 3.13.5 (tags/v3.13.5:6cb20a2, Jun 11 2025, 16:15:46) [MSC v.1943 64 bit (AMD64)]
2025-09-14 12:36:06,259 - INFO - [MainThread:setup_logging] Script Directory: G:\My Drive\0dev\BF 2.1.4
2025-09-14 12:36:06,259 - INFO - [MainThread:setup_logging] Working Directory: G:\My Drive\0dev\BF 2.1.4
2025-09-14 12:36:06,260 - INFO - [MainThread:check_package_versions] ✓ selenium 4.34.2 is available
2025-09-14 12:36:06,824 - INFO - [MainThread:check_package_versions] ✓ pandas 2.3.1 is available
2025-09-14 12:36:07,030 - INFO - [MainThread:check_package_versions] ✓ openpyxl 3.1.5 is available
2025-09-14 12:36:07,281 - INFO - [MainThread:check_package_versions] ✓ requests 2.32.4 is available
2025-09-14 12:36:07,337 - INFO - [MainThread:check_package_versions] ✓ pytesseract 0.3.13 is available
2025-09-14 12:36:07,545 - INFO - [MainThread:check_package_versions] ✓ undetected_chromedriver 3.5.5 (optional) is available
2025-09-14 12:36:07,549 - INFO - [MainThread:check_package_versions] ✓ webdriver_manager 4.0.2 (optional) is available
2025-09-14 12:36:07,554 - INFO - [MainThread:import_application_components] Importing application components...
2025-09-14 12:36:07,989 - INFO - [MainThread:import_application_components] Application components imported successfully
2025-09-14 12:36:07,989 - INFO - [MainThread:<module>] 🚀 Starting application initialization...
2025-09-14 12:36:07,990 - INFO - [MainThread:load_and_validate_configurations] Loading base URL configurations from G:\My Drive\0dev\BF 2.1.4\base_urls.csv...
2025-09-14 12:36:07,999 - INFO - [MainThread:load_base_urls] Loaded 12 base URL configurations from base_urls.csv.
2025-09-14 12:36:08,000 - INFO - [MainThread:load_and_validate_configurations] ✓ Loaded 12 URL configurations
2025-09-14 12:36:08,000 - INFO - [MainThread:load_and_validate_configurations] Loading application settings...
2025-09-14 12:36:08,010 - INFO - [MainThread:load_settings] Settings loaded and merged with defaults from G:\My Drive\0dev\BF 2.1.4\settings.json
2025-09-14 12:36:08,011 - INFO - [MainThread:load_and_validate_configurations] ✓ Settings loaded and validated
2025-09-14 12:36:08,011 - INFO - [MainThread:<module>] Creating main application window...
2025-09-14 12:36:08,077 - INFO - [MainThread:<module>] Creating MainWindow instance...
2025-09-14 12:36:08,126 - INFO - [MainThread:load_persistent_folders] Loaded 1 persistent folders
2025-09-14 12:36:09,017 - INFO - [MainThread:<module>] ✓ Application initialization completed successfully
2025-09-14 12:36:09,018 - INFO - [MainThread:<module>] 🎯 Starting main event loop...
2025-09-14 12:36:55,628 - INFO - [MainThread:_configure_tesseract] Tesseract configured successfully at: C:\Program Files\Tesseract-OCR\tesseract.exe
2025-09-14 12:37:00,932 - INFO - [MainThread:get_tender_ids_from_input] Parsed 3 potential Tender IDs from input.
2025-09-14 12:37:00,933 - INFO - [MainThread:start_search_ids] Starting Search & Download for 3 ID(s) on HP Tenders. Base download dir: C:\Users\kalia\Downloads
2025-09-14 12:37:02,625 - INFO - [Tender ID Search:patch_exe] patching driver executable C:\Users\kalia\appdata\roaming\undetected_chromedriver\undetected_chromedriver.exe
2025-09-14 12:37:28,472 - WARNING - [Tender ID Search:safe_extract_text] Tender Title (('xpath', "//td[normalize-space(.)='Tender Title']/following-sibling::td[1]")) not found/visible in 15s.
2025-09-14 12:37:30,617 - INFO - [Tender ID Search:click_element] Standard click successful for 'View More Details Link'.
2025-09-14 12:37:51,588 - WARNING - [Tender ID Search:safe_extract_text] Work Desc from More Details (('xpath', "//td[normalize-space(.)='Work Description:']/following-sibling::td[1]")) not found/visible in 15s.
2025-09-14 12:37:51,592 - INFO - [Tender ID Search:save_page_as_pdf] Attempting to save current page as PDF: 2025_DFHW_113596_1_more_details.pdf
2025-09-14 12:37:51,866 - INFO - [Tender ID Search:save_page_as_pdf] Successfully saved PDF: 2025_DFHW_113596_1_more_details.pdf (Size: 174681 bytes)
2025-09-14 12:37:55,405 - INFO - [Tender ID Search:click_element] Standard click successful for 'Initial Download Link ('Download as zip file...')'.
