2025-09-23 08:35:06,822 - INFO - [MainThread:setup_logging] --- Cloud84 Black Forest Project - Tender Search Utility CLI v2.1.4 Starting ---
2025-09-23 08:35:06,822 - INFO - [MainThread:setup_logging] Platform: Windows 11 (AMD64)
2025-09-23 08:35:06,822 - INFO - [MainThread:setup_logging] Python: 3.13.5 (tags/v3.13.5:6cb20a2, Jun 11 2025, 16:15:46) [MSC v.1943 64 bit (AMD64)]
2025-09-23 08:35:06,822 - INFO - [MainThread:setup_logging] Script Directory: D:\Dev84\BF 2.1.4
2025-09-23 08:35:06,822 - INFO - [MainThread:setup_logging] Working Directory: D:\Dev84\BF 2.1.4
2025-09-23 08:35:06,822 - INFO - [MainThread:check_package_versions] ✓ selenium 4.34.2 is available
2025-09-23 08:35:07,061 - INFO - [MainThread:check_package_versions] ✓ pandas 2.3.1 is available
2025-09-23 08:35:07,177 - INFO - [MainThread:check_package_versions] ✓ openpyxl 3.1.5 is available
2025-09-23 08:35:07,389 - INFO - [MainThread:check_package_versions] ✓ requests 2.32.4 is available
2025-09-23 08:35:07,393 - INFO - [MainThread:check_package_versions] ✓ pytesseract 0.3.13 is available
2025-09-23 08:35:07,459 - INFO - [MainThread:check_package_versions] ✓ undetected_chromedriver 3.5.5 (optional) is available
2025-09-23 08:35:07,460 - INFO - [MainThread:check_package_versions] ✓ webdriver_manager 4.0.2 (optional) is available
2025-09-23 08:35:07,460 - INFO - [MainThread:import_cli_components] Importing CLI components...
2025-09-23 08:35:07,491 - INFO - [MainThread:import_cli_components] CLI components imported successfully
2025-09-23 08:35:07,491 - INFO - [MainThread:run_cli_mode] 🔧 Starting CLI mode...
2025-09-23 08:35:29,019 - INFO - [MainThread:setup_logging] --- Cloud84 Black Forest Project - Tender Search Utility CLI v2.1.4 Starting ---
2025-09-23 08:35:29,019 - INFO - [MainThread:setup_logging] Platform: Windows 11 (AMD64)
2025-09-23 08:35:29,020 - INFO - [MainThread:setup_logging] Python: 3.13.5 (tags/v3.13.5:6cb20a2, Jun 11 2025, 16:15:46) [MSC v.1943 64 bit (AMD64)]
2025-09-23 08:35:29,020 - INFO - [MainThread:setup_logging] Script Directory: D:\Dev84\BF 2.1.4
2025-09-23 08:35:29,020 - INFO - [MainThread:setup_logging] Working Directory: D:\Dev84\BF 2.1.4
2025-09-23 08:35:29,020 - INFO - [MainThread:check_package_versions] ✓ selenium 4.34.2 is available
2025-09-23 08:35:29,259 - INFO - [MainThread:check_package_versions] ✓ pandas 2.3.1 is available
2025-09-23 08:35:29,378 - INFO - [MainThread:check_package_versions] ✓ openpyxl 3.1.5 is available
2025-09-23 08:35:29,593 - INFO - [MainThread:check_package_versions] ✓ requests 2.32.4 is available
2025-09-23 08:35:29,597 - INFO - [MainThread:check_package_versions] ✓ pytesseract 0.3.13 is available
2025-09-23 08:35:29,667 - INFO - [MainThread:check_package_versions] ✓ undetected_chromedriver 3.5.5 (optional) is available
2025-09-23 08:35:29,667 - INFO - [MainThread:check_package_versions] ✓ webdriver_manager 4.0.2 (optional) is available
2025-09-23 08:35:29,668 - INFO - [MainThread:import_cli_components] Importing CLI components...
2025-09-23 08:35:29,695 - INFO - [MainThread:import_cli_components] CLI components imported successfully
2025-09-23 08:35:29,695 - INFO - [MainThread:run_cli_mode] 🔧 Starting CLI mode...
2025-09-23 08:35:29,699 - INFO - [MainThread:load_settings] Settings loaded and merged with defaults from D:\Dev84\BF 2.1.4\settings.json
2025-09-23 08:35:29,700 - INFO - [MainThread:load_configuration] Loaded configuration from D:\Dev84\BF 2.1.4\settings.json
2025-09-23 08:47:23,906 - INFO - [MainThread:setup_logging] --- Cloud84 Black Forest Project - Tender Search Utility CLI v2.1.4 Starting ---
2025-09-23 08:47:23,907 - INFO - [MainThread:setup_logging] Platform: Windows 11 (AMD64)
2025-09-23 08:47:23,907 - INFO - [MainThread:setup_logging] Python: 3.13.5 (tags/v3.13.5:6cb20a2, Jun 11 2025, 16:15:46) [MSC v.1943 64 bit (AMD64)]
2025-09-23 08:47:23,907 - INFO - [MainThread:setup_logging] Script Directory: D:\Dev84\BF 2.1.4
2025-09-23 08:47:23,907 - INFO - [MainThread:setup_logging] Working Directory: D:\Dev84\BF 2.1.4
2025-09-23 08:47:23,908 - INFO - [MainThread:check_package_versions] ✓ selenium 4.34.2 is available
2025-09-23 08:47:24,150 - INFO - [MainThread:check_package_versions] ✓ pandas 2.3.1 is available
2025-09-23 08:47:24,271 - INFO - [MainThread:check_package_versions] ✓ openpyxl 3.1.5 is available
2025-09-23 08:47:24,494 - INFO - [MainThread:check_package_versions] ✓ requests 2.32.4 is available
2025-09-23 08:47:24,498 - INFO - [MainThread:check_package_versions] ✓ pytesseract 0.3.13 is available
2025-09-23 08:47:24,561 - INFO - [MainThread:check_package_versions] ✓ undetected_chromedriver 3.5.5 (optional) is available
2025-09-23 08:47:24,562 - INFO - [MainThread:check_package_versions] ✓ webdriver_manager 4.0.2 (optional) is available
2025-09-23 08:47:24,562 - INFO - [MainThread:import_cli_components] Importing CLI components...
2025-09-23 08:47:24,581 - INFO - [MainThread:import_cli_components] CLI components imported successfully
2025-09-23 08:47:24,582 - INFO - [MainThread:run_cli_mode] 🔧 Starting CLI mode...
2025-09-23 08:48:17,717 - INFO - [MainThread:setup_logging] --- Cloud84 Black Forest Project - Tender Search Utility CLI v2.1.4 Starting ---
2025-09-23 08:48:17,717 - INFO - [MainThread:setup_logging] Platform: Windows 11 (AMD64)
2025-09-23 08:48:17,717 - INFO - [MainThread:setup_logging] Python: 3.13.5 (tags/v3.13.5:6cb20a2, Jun 11 2025, 16:15:46) [MSC v.1943 64 bit (AMD64)]
2025-09-23 08:48:17,718 - INFO - [MainThread:setup_logging] Script Directory: D:\Dev84\BF 2.1.4
2025-09-23 08:48:17,718 - INFO - [MainThread:setup_logging] Working Directory: D:\Dev84\BF 2.1.4
2025-09-23 08:48:17,718 - INFO - [MainThread:check_package_versions] ✓ selenium 4.34.2 is available
2025-09-23 08:48:17,948 - INFO - [MainThread:check_package_versions] ✓ pandas 2.3.1 is available
2025-09-23 08:48:18,062 - INFO - [MainThread:check_package_versions] ✓ openpyxl 3.1.5 is available
2025-09-23 08:48:18,280 - INFO - [MainThread:check_package_versions] ✓ requests 2.32.4 is available
2025-09-23 08:48:18,285 - INFO - [MainThread:check_package_versions] ✓ pytesseract 0.3.13 is available
2025-09-23 08:48:18,347 - INFO - [MainThread:check_package_versions] ✓ undetected_chromedriver 3.5.5 (optional) is available
2025-09-23 08:48:18,348 - INFO - [MainThread:check_package_versions] ✓ webdriver_manager 4.0.2 (optional) is available
2025-09-23 08:48:18,348 - INFO - [MainThread:import_cli_components] Importing CLI components...
2025-09-23 08:48:18,366 - INFO - [MainThread:import_cli_components] CLI components imported successfully
2025-09-23 08:48:18,367 - INFO - [MainThread:run_cli_mode] 🔧 Starting CLI mode...
